{"meta": {"format": 3, "version": "7.13.4", "timestamp": "2026-03-01T08:33:05.569815", "branch_coverage": false, "show_contexts": false}, "files": {"doc_benchmarks/__init__.py": {"executed_lines": [1], "summary": {"covered_lines": 1, "num_statements": 1, "percent_covered": 100.0, "percent_covered_display": "100", "missing_lines": 0, "excluded_lines": 0, "percent_statements_covered": 100.0, "percent_statements_covered_display": "100"}, "missing_lines": [], "excluded_lines": [], "functions": {"": {"executed_lines": [1], "summary": {"covered_lines": 1, "num_statements": 1, "percent_covered": 100.0, "percent_covered_display": "100", "missing_lines": 0, "excluded_lines": 0, "percent_statements_covered": 100.0, "percent_statements_covered_display": "100"}, "missing_lines": [], "excluded_lines": [], "start_line": 1}}, "classes": {"": {"executed_lines": [1], "summary": {"covered_lines": 1, "num_statements": 1, "percent_covered": 100.0, "percent_covered_display": "100", "missing_lines": 0, "excluded_lines": 0, "percent_statements_covered": 100.0, "percent_statements_covered_display": "100"}, "missing_lines": [], "excluded_lines": [], "start_line": 1}}}, "doc_benchmarks/dashboard/__init__.py": {"executed_lines": [], "summary": {"covered_lines": 0, "num_statements": 0, "percent_covered": 100.0, "percent_covered_display": "100", "missing_lines": 0, "excluded_lines": 0, "percent_statements_covered": 100.0, "percent_statements_covered_display": "100"}, "missing_lines": [], "excluded_lines": [], "functions": {"": {"executed_lines": [], "summary": {"covered_lines": 0, "num_statements": 0, "percent_covered": 100.0, "percent_covered_display": "100", "missing_lines": 0, "excluded_lines": 0, "percent_statements_covered": 100.0, "percent_statements_covered_display": "100"}, "missing_lines": [], "excluded_lines": [], "start_line": 1}}, "classes": {"": {"executed_lines": [], "summary": {"covered_lines": 0, "num_statements": 0, "percent_covered": 100.0, "percent_covered_display": "100", "missing_lines": 0, "excluded_lines": 0, "percent_statements_covered": 100.0, "percent_statements_covered_display": "100"}, "missing_lines": [], "excluded_lines": [], "start_line": 1}}}, "doc_benchmarks/dashboard/aggregator.py": {"executed_lines": [3, 5, 6, 7, 8, 9, 10, 12, 15, 16, 17, 18, 19, 20, 21, 23, 24, 27, 28, 30, 31, 32, 33, 34, 35, 36, 37, 38, 39, 41, 42, 44, 46, 47, 48, 49, 50, 51, 52, 53, 54, 57, 58, 59, 60, 62, 63, 64, 71, 74, 75, 77, 78, 79, 80, 82, 83, 84, 87, 92, 93, 94, 95, 96, 97, 99, 100, 101, 102, 104, 106, 107, 108, 109, 110, 111, 113, 117, 118, 121, 122, 125, 126, 128, 129, 130, 132, 133, 137, 138, 139, 140, 142, 143, 145, 146, 148, 149, 151, 152, 153, 155, 156, 157, 158, 159, 160, 162, 174], "summary": {"covered_lines": 109, "num_statements": 117, "percent_covered": 93.16239316239316, "percent_covered_display": "93", "missing_lines": 8, "excluded_lines": 0, "percent_statements_covered": 93.16239316239316, "percent_statements_covered_display": "93"}, "missing_lines": [114, 115, 119, 120, 131, 134, 135, 144], "excluded_lines": [], "functions": {"ProductSnapshot.doc_score": {"executed_lines": [44], "summary": {"covered_lines": 1, "num_statements": 1, "percent_covered": 100.0, "percent_covered_display": "100", "missing_lines": 0, "excluded_lines": 0, "percent_statements_covered": 100.0, "percent_statements_covered_display": "100"}, "missing_lines": [], "excluded_lines": [], "start_line": 42}, "ProductSnapshot.status": {"executed_lines": [48, 49, 50, 51, 52, 53, 54], "summary": {"covered_lines": 7, "num_statements": 7, "percent_covered": 100.0, "percent_covered_display": "100", "missing_lines": 0, "excluded_lines": 0, "percent_statements_covered": 100.0, "percent_statements_covered_display": "100"}, "missing_lines": [], "excluded_lines": [], "start_line": 47}, "DashboardData.sorted_by_score": {"executed_lines": [64], "summary": {"covered_lines": 1, "num_statements": 1, "percent_covered": 100.0, "percent_covered_display": "100", "missing_lines": 0, "excluded_lines": 0, "percent_statements_covered": 100.0, "percent_statements_covered_display": "100"}, "missing_lines": [], "excluded_lines": [], "start_line": 63}, "ResultsAggregator.__init__": {"executed_lines": [75], "summary": {"covered_lines": 1, "num_statements": 1, "percent_covered": 100.0, "percent_covered_display": "100", "missing_lines": 0, "excluded_lines": 0, "percent_statements_covered": 100.0, "percent_statements_covered_display": "100"}, "missing_lines": [], "excluded_lines": [], "start_line": 74}, "ResultsAggregator.aggregate": {"executed_lines": [78, 79, 80, 82, 83, 84, 87, 92, 93, 94, 95, 96, 97, 99, 100, 101, 102, 104], "summary": {"covered_lines": 18, "num_statements": 18, "percent_covered": 100.0, "percent_covered_display": "100", "missing_lines": 0, "excluded_lines": 0, "percent_statements_covered": 100.0, "percent_statements_covered_display": "100"}, "missing_lines": [], "excluded_lines": [], "start_line": 77}, "ResultsAggregator._load_snapshot": {"executed_lines": [107, 108, 109, 110, 111, 113, 117, 118, 121, 122, 125, 126, 128, 137, 138, 139, 140, 142, 143, 145, 146, 148, 149, 151, 152, 153, 155, 156, 157, 158, 159, 160, 162, 174], "summary": {"covered_lines": 34, "num_statements": 39, "percent_covered": 87.17948717948718, "percent_covered_display": "87", "missing_lines": 5, "excluded_lines": 0, "percent_statements_covered": 87.17948717948718, "percent_statements_covered_display": "87"}, "missing_lines": [114, 115, 119, 120, 144], "excluded_lines": [], "start_line": 106}, "ResultsAggregator._load_snapshot._as_float": {"executed_lines": [129, 130, 132, 133], "summary": {"covered_lines": 4, "num_statements": 7, "percent_covered": 57.142857142857146, "percent_covered_display": "57", "missing_lines": 3, "excluded_lines": 0, "percent_statements_covered": 57.142857142857146, "percent_statements_covered_display": "57"}, "missing_lines": [131, 134, 135], "excluded_lines": [], "start_line": 128}, "": {"executed_lines": [3, 5, 6, 7, 8, 9, 10, 12, 15, 16, 17, 18, 19, 20, 21, 23, 24, 27, 28, 30, 31, 32, 33, 34, 35, 36, 37, 38, 39, 41, 42, 46, 47, 57, 58, 59, 60, 62, 63, 71, 74, 77, 106], "summary": {"covered_lines": 43, "num_statements": 43, "percent_covered": 100.0, "percent_covered_display": "100", "missing_lines": 0, "excluded_lines": 0, "percent_statements_covered": 100.0, "percent_statements_covered_display": "100"}, "missing_lines": [], "excluded_lines": [], "start_line": 1}}, "classes": {"QuestionResult": {"executed_lines": [], "summary": {"covered_lines": 0, "num_statements": 0, "percent_covered": 100.0, "percent_covered_display": "100", "missing_lines": 0, "excluded_lines": 0, "percent_statements_covered": 100.0, "percent_statements_covered_display": "100"}, "missing_lines": [], "excluded_lines": [], "start_line": 16}, "ProductSnapshot": {"executed_lines": [44, 48, 49, 50, 51, 52, 53, 54], "summary": {"covered_lines": 8, "num_statements": 8, "percent_covered": 100.0, "percent_covered_display": "100", "missing_lines": 0, "excluded_lines": 0, "percent_statements_covered": 100.0, "percent_statements_covered_display": "100"}, "missing_lines": [], "excluded_lines": [], "start_line": 28}, "DashboardData": {"executed_lines": [64], "summary": {"covered_lines": 1, "num_statements": 1, "percent_covered": 100.0, "percent_covered_display": "100", "missing_lines": 0, "excluded_lines": 0, "percent_statements_covered": 100.0, "percent_statements_covered_display": "100"}, "missing_lines": [], "excluded_lines": [], "start_line": 58}, "ResultsAggregator": {"executed_lines": [75, 78, 79, 80, 82, 83, 84, 87, 92, 93, 94, 95, 96, 97, 99, 100, 101, 102, 104, 107, 108, 109, 110, 111, 113, 117, 118, 121, 122, 125, 126, 128, 129, 130, 132, 133, 137, 138, 139, 140, 142, 143, 145, 146, 148, 149, 151, 152, 153, 155, 156, 157, 158, 159, 160, 162, 174], "summary": {"covered_lines": 57, "num_statements": 65, "percent_covered": 87.6923076923077, "percent_covered_display": "88", "missing_lines": 8, "excluded_lines": 0, "percent_statements_covered": 87.6923076923077, "percent_statements_covered_display": "88"}, "missing_lines": [114, 115, 119, 120, 131, 134, 135, 144], "excluded_lines": [], "start_line": 71}, "": {"executed_lines": [3, 5, 6, 7, 8, 9, 10, 12, 15, 16, 17, 18, 19, 20, 21, 23, 24, 27, 28, 30, 31, 32, 33, 34, 35, 36, 37, 38, 39, 41, 42, 46, 47, 57, 58, 59, 60, 62, 63, 71, 74, 77, 106], "summary": {"covered_lines": 43, "num_statements": 43, "percent_covered": 100.0, "percent_covered_display": "100", "missing_lines": 0, "excluded_lines": 0, "percent_statements_covered": 100.0, "percent_statements_covered_display": "100"}, "missing_lines": [], "excluded_lines": [], "start_line": 1}}}, "doc_benchmarks/dashboard/markdown_renderer.py": {"executed_lines": [3, 5, 6, 8, 11, 12, 14, 15, 18, 19, 22, 24, 27, 28, 30, 33, 34, 35, 36, 38, 39, 40, 43, 44, 45, 47, 48, 49, 50, 51, 52, 53, 58, 59, 60, 61, 62, 63, 64, 65, 68, 69, 70, 72, 75, 76, 77, 78, 80, 81, 82, 84, 85, 86, 87, 88, 89, 92, 93, 94, 95, 96, 97, 98, 99, 100, 101, 103, 104, 107, 108, 109, 112, 113, 114, 115, 116], "summary": {"covered_lines": 77, "num_statements": 79, "percent_covered": 97.46835443037975, "percent_covered_display": "97", "missing_lines": 2, "excluded_lines": 0, "percent_statements_covered": 97.46835443037975, "percent_statements_covered_display": "97"}, "missing_lines": [13, 29], "excluded_lines": [], "functions": {"_score_bar": {"executed_lines": [12, 14, 15], "summary": {"covered_lines": 3, "num_statements": 4, "percent_covered": 75.0, "percent_covered_display": "75", "missing_lines": 1, "excluded_lines": 0, "percent_statements_covered": 75.0, "percent_statements_covered_display": "75"}, "missing_lines": [13], "excluded_lines": [], "start_line": 11}, "_status_emoji": {"executed_lines": [19], "summary": {"covered_lines": 1, "num_statements": 1, "percent_covered": 100.0, "percent_covered_display": "100", "missing_lines": 0, "excluded_lines": 0, "percent_statements_covered": 100.0, "percent_statements_covered_display": "100"}, "missing_lines": [], "excluded_lines": [], "start_line": 18}, "_md_cell": {"executed_lines": [24], "summary": {"covered_lines": 1, "num_statements": 1, "percent_covered": 100.0, "percent_covered_display": "100", "missing_lines": 0, "excluded_lines": 0, "percent_statements_covered": 100.0, "percent_statements_covered_display": "100"}, "missing_lines": [], "excluded_lines": [], "start_line": 22}, "_fmt_delta": {"executed_lines": [28, 30], "summary": {"covered_lines": 2, "num_statements": 3, "percent_covered": 66.66666666666667, "percent_covered_display": "67", "missing_lines": 1, "excluded_lines": 0, "percent_statements_covered": 66.66666666666667, "percent_statements_covered_display": "67"}, "missing_lines": [29], "excluded_lines": [], "start_line": 27}, "render_dashboard": {"executed_lines": [34, 35, 36, 38, 39, 40, 43, 44, 45, 47, 48, 49, 50, 51, 52, 53, 58, 59, 60, 61, 62, 63, 64, 65, 68, 69, 70, 72], "summary": {"covered_lines": 28, "num_statements": 28, "percent_covered": 100.0, "percent_covered_display": "100", "missing_lines": 0, "excluded_lines": 0, "percent_statements_covered": 100.0, "percent_statements_covered_display": "100"}, "missing_lines": [], "excluded_lines": [], "start_line": 33}, "_render_product_section": {"executed_lines": [76, 77, 78, 80, 81, 82, 84, 85, 86, 87, 88, 89, 92, 93, 94, 95, 96, 97, 98, 99, 100, 101, 103, 104], "summary": {"covered_lines": 24, "num_statements": 24, "percent_covered": 100.0, "percent_covered_display": "100", "missing_lines": 0, "excluded_lines": 0, "percent_statements_covered": 100.0, "percent_statements_covered_display": "100"}, "missing_lines": [], "excluded_lines": [], "start_line": 75}, "save_dashboard_markdown": {"executed_lines": [108, 109], "summary": {"covered_lines": 2, "num_statements": 2, "percent_covered": 100.0, "percent_covered_display": "100", "missing_lines": 0, "excluded_lines": 0, "percent_statements_covered": 100.0, "percent_statements_covered_display": "100"}, "missing_lines": [], "excluded_lines": [], "start_line": 107}, "save_dashboard_json": {"executed_lines": [113, 114, 115, 116], "summary": {"covered_lines": 4, "num_statements": 4, "percent_covered": 100.0, "percent_covered_display": "100", "missing_lines": 0, "excluded_lines": 0, "percent_statements_covered": 100.0, "percent_statements_covered_display": "100"}, "missing_lines": [], "excluded_lines": [], "start_line": 112}, "": {"executed_lines": [3, 5, 6, 8, 11, 18, 22, 27, 33, 75, 107, 112], "summary": {"covered_lines": 12, "num_statements": 12, "percent_covered": 100.0, "percent_covered_display": "100", "missing_lines": 0, "excluded_lines": 0, "percent_statements_covered": 100.0, "percent_statements_covered_display": "100"}, "missing_lines": [], "excluded_lines": [], "start_line": 1}}, "classes": {"": {"executed_lines": [3, 5, 6, 8, 11, 12, 14, 15, 18, 19, 22, 24, 27, 28, 30, 33, 34, 35, 36, 38, 39, 40, 43, 44, 45, 47, 48, 49, 50, 51, 52, 53, 58, 59, 60, 61, 62, 63, 64, 65, 68, 69, 70, 72, 75, 76, 77, 78, 80, 81, 82, 84, 85, 86, 87, 88, 89, 92, 93, 94, 95, 96, 97, 98, 99, 100, 101, 103, 104, 107, 108, 109, 112, 113, 114, 115, 116], "summary": {"covered_lines": 77, "num_statements": 79, "percent_covered": 97.46835443037975, "percent_covered_display": "97", "missing_lines": 2, "excluded_lines": 0, "percent_statements_covered": 97.46835443037975, "percent_statements_covered_display": "97"}, "missing_lines": [13, 29], "excluded_lines": [], "start_line": 1}}}, "doc_benchmarks/eval/__init__.py": {"executed_lines": [3, 4, 6], "summary": {"covered_lines": 3, "num_statements": 3, "percent_covered": 100.0, "percent_covered_display": "100", "missing_lines": 0, "excluded_lines": 0, "percent_statements_covered": 100.0, "percent_statements_covered_display": "100"}, "missing_lines": [], "excluded_lines": [], "functions": {"": {"executed_lines": [3, 4, 6], "summary": {"covered_lines": 3, "num_statements": 3, "percent_covered": 100.0, "percent_covered_display": "100", "missing_lines": 0, "excluded_lines": 0, "percent_statements_covered": 100.0, "percent_statements_covered_display": "100"}, "missing_lines": [], "excluded_lines": [], "start_line": 1}}, "classes": {"": {"executed_lines": [3, 4, 6], "summary": {"covered_lines": 3, "num_statements": 3, "percent_covered": 100.0, "percent_covered_display": "100", "missing_lines": 0, "excluded_lines": 0, "percent_statements_covered": 100.0, "percent_statements_covered_display": "100"}, "missing_lines": [], "excluded_lines": [], "start_line": 1}}}, "doc_benchmarks/eval/answerer.py": {"executed_lines": [3, 4, 5, 6, 7, 8, 9, 10, 12, 14, 16, 19, 32, 42, 51, 71, 72, 77, 78, 79, 80, 82, 83, 84, 85, 87, 88, 89, 92, 93, 95, 97, 120, 121, 122, 123, 125, 126, 127, 128, 129, 135, 136, 137, 138, 139, 140, 143, 144, 145, 146, 157, 158, 159, 163, 165, 166, 167, 168, 170, 171, 172, 173, 175, 176, 177, 178, 179, 180, 182, 190, 193, 194, 195, 199, 201, 206, 210, 218, 221, 223, 234, 237, 239, 252, 260, 264, 269, 270, 272, 276, 277, 279, 280, 281, 282, 285, 286, 289, 290, 291, 293, 294, 295, 297, 304, 305, 314, 317, 322, 323, 325, 340, 343, 345, 347, 349, 350, 352, 357, 359, 367, 375, 381, 382, 383, 384, 386, 387, 389, 390, 392, 393, 394, 395], "summary": {"covered_lines": 135, "num_statements": 148, "percent_covered": 91.21621621621621, "percent_covered_display": "91", "missing_lines": 13, "excluded_lines": 0, "percent_statements_covered": 91.21621621621621, "percent_statements_covered_display": "91"}, "missing_lines": [141, 142, 160, 161, 235, 236, 273, 341, 369, 370, 371, 372, 373], "excluded_lines": [], "functions": {"Answerer.__init__": {"executed_lines": [71, 72, 77, 78, 79, 80, 82, 83, 84, 85, 87, 88, 89, 92, 93, 95], "summary": {"covered_lines": 16, "num_statements": 16, "percent_covered": 100.0, "percent_covered_display": "100", "missing_lines": 0, "excluded_lines": 0, "percent_statements_covered": 100.0, "percent_statements_covered_display": "100"}, "missing_lines": [], "excluded_lines": [], "start_line": 51}, "Answerer.generate_answers": {"executed_lines": [120, 121, 122, 123, 125, 163, 165, 166, 167, 168, 170, 171, 172, 173, 175, 176, 177, 178, 179, 180], "summary": {"covered_lines": 20, "num_statements": 20, "percent_covered": 100.0, "percent_covered_display": "100", "missing_lines": 0, "excluded_lines": 0, "percent_statements_covered": 100.0, "percent_statements_covered_display": "100"}, "missing_lines": [], "excluded_lines": [], "start_line": 97}, "Answerer.generate_answers._process": {"executed_lines": [126, 127, 128, 129, 135, 136, 137, 138, 139, 140, 143, 144, 145, 146, 157, 158, 159], "summary": {"covered_lines": 17, "num_statements": 21, "percent_covered": 80.95238095238095, "percent_covered_display": "81", "missing_lines": 4, "excluded_lines": 0, "percent_statements_covered": 80.95238095238095, "percent_statements_covered_display": "81"}, "missing_lines": [141, 142, 160, 161], "excluded_lines": [], "start_line": 125}, "Answerer._generate_answer_pair": {"executed_lines": [190, 193, 194, 195, 199, 201, 206, 210, 218, 221, 223, 234, 237], "summary": {"covered_lines": 13, "num_statements": 15, "percent_covered": 86.66666666666667, "percent_covered_display": "87", "missing_lines": 2, "excluded_lines": 0, "percent_statements_covered": 86.66666666666667, "percent_statements_covered_display": "87"}, "missing_lines": [235, 236], "excluded_lines": [], "start_line": 182}, "Answerer._retrieve_docs": {"executed_lines": [252, 260, 264, 269, 270, 272, 276, 277, 279, 280, 281, 282, 285, 286, 289, 290, 291, 293, 294, 295], "summary": {"covered_lines": 20, "num_statements": 21, "percent_covered": 95.23809523809524, "percent_covered_display": "95", "missing_lines": 1, "excluded_lines": 0, "percent_statements_covered": 95.23809523809524, "percent_statements_covered_display": "95"}, "missing_lines": [273], "excluded_lines": [], "start_line": 239}, "Answerer._generate_with_docs": {"executed_lines": [304, 305, 314, 317, 322, 323, 325, 340, 343], "summary": {"covered_lines": 9, "num_statements": 10, "percent_covered": 90.0, "percent_covered_display": "90", "missing_lines": 1, "excluded_lines": 0, "percent_statements_covered": 90.0, "percent_statements_covered_display": "90"}, "missing_lines": [341], "excluded_lines": [], "start_line": 297}, "Answerer._generate_without_docs": {"executed_lines": [347, 349, 350, 352], "summary": {"covered_lines": 4, "num_statements": 4, "percent_covered": 100.0, "percent_covered_display": "100", "missing_lines": 0, "excluded_lines": 0, "percent_statements_covered": 100.0, "percent_statements_covered_display": "100"}, "missing_lines": [], "excluded_lines": [], "start_line": 345}, "Answerer._build_output": {"executed_lines": [359], "summary": {"covered_lines": 1, "num_statements": 1, "percent_covered": 100.0, "percent_covered_display": "100", "missing_lines": 0, "excluded_lines": 0, "percent_statements_covered": 100.0, "percent_statements_covered_display": "100"}, "missing_lines": [], "excluded_lines": [], "start_line": 357}, "Answerer._save_incremental": {"executed_lines": [], "summary": {"covered_lines": 0, "num_statements": 5, "percent_covered": 0.0, "percent_covered_display": "0", "missing_lines": 5, "excluded_lines": 0, "percent_statements_covered": 0.0, "percent_statements_covered_display": "0"}, "missing_lines": [369, 370, 371, 372, 373], "excluded_lines": [], "start_line": 367}, "Answerer.save_answers": {"executed_lines": [381, 382, 383, 384], "summary": {"covered_lines": 4, "num_statements": 4, "percent_covered": 100.0, "percent_covered_display": "100", "missing_lines": 0, "excluded_lines": 0, "percent_statements_covered": 100.0, "percent_statements_covered_display": "100"}, "missing_lines": [], "excluded_lines": [], "start_line": 375}, "Answerer.load_answers": {"executed_lines": [389, 390], "summary": {"covered_lines": 2, "num_statements": 2, "percent_covered": 100.0, "percent_covered_display": "100", "missing_lines": 0, "excluded_lines": 0, "percent_statements_covered": 100.0, "percent_statements_covered_display": "100"}, "missing_lines": [], "excluded_lines": [], "start_line": 387}, "Answerer._get_timestamp": {"executed_lines": [394, 395], "summary": {"covered_lines": 2, "num_statements": 2, "percent_covered": 100.0, "percent_covered_display": "100", "missing_lines": 0, "excluded_lines": 0, "percent_statements_covered": 100.0, "percent_statements_covered_display": "100"}, "missing_lines": [], "excluded_lines": [], "start_line": 393}, "": {"executed_lines": [3, 4, 5, 6, 7, 8, 9, 10, 12, 14, 16, 19, 32, 42, 51, 97, 182, 239, 297, 345, 357, 367, 375, 386, 387, 392, 393], "summary": {"covered_lines": 27, "num_statements": 27, "percent_covered": 100.0, "percent_covered_display": "100", "missing_lines": 0, "excluded_lines": 0, "percent_statements_covered": 100.0, "percent_statements_covered_display": "100"}, "missing_lines": [], "excluded_lines": [], "start_line": 1}}, "classes": {"Answerer": {"executed_lines": [71, 72, 77, 78, 79, 80, 82, 83, 84, 85, 87, 88, 89, 92, 93, 95, 120, 121, 122, 123, 125, 126, 127, 128, 129, 135, 136, 137, 138, 139, 140, 143, 144, 145, 146, 157, 158, 159, 163, 165, 166, 167, 168, 170, 171, 172, 173, 175, 176, 177, 178, 179, 180, 190, 193, 194, 195, 199, 201, 206, 210, 218, 221, 223, 234, 237, 252, 260, 264, 269, 270, 272, 276, 277, 279, 280, 281, 282, 285, 286, 289, 290, 291, 293, 294, 295, 304, 305, 314, 317, 322, 323, 325, 340, 343, 347, 349, 350, 352, 359, 381, 382, 383, 384, 389, 390, 394, 395], "summary": {"covered_lines": 108, "num_statements": 121, "percent_covered": 89.25619834710744, "percent_covered_display": "89", "missing_lines": 13, "excluded_lines": 0, "percent_statements_covered": 89.25619834710744, "percent_statements_covered_display": "89"}, "missing_lines": [141, 142, 160, 161, 235, 236, 273, 341, 369, 370, 371, 372, 373], "excluded_lines": [], "start_line": 42}, "": {"executed_lines": [3, 4, 5, 6, 7, 8, 9, 10, 12, 14, 16, 19, 32, 42, 51, 97, 182, 239, 297, 345, 357, 367, 375, 386, 387, 392, 393], "summary": {"covered_lines": 27, "num_statements": 27, "percent_covered": 100.0, "percent_covered_display": "100", "missing_lines": 0, "excluded_lines": 0, "percent_statements_covered": 100.0, "percent_statements_covered_display": "100"}, "missing_lines": [], "excluded_lines": [], "start_line": 1}}}, "doc_benchmarks/eval/diagnoser.py": {"executed_lines": [33, 36, 39, 40, 41, 42, 43, 44, 47, 57, 67, 93, 95, 96, 98, 99, 102, 103, 104, 106, 113, 115, 116, 117, 120, 126, 127, 128, 129, 130, 132, 133, 135, 138, 141, 158, 159, 161, 162, 163, 164, 165, 166, 168, 169, 177, 178], "summary": {"covered_lines": 47, "num_statements": 47, "percent_covered": 100.0, "percent_covered_display": "100", "missing_lines": 0, "excluded_lines": 0, "percent_statements_covered": 100.0, "percent_statements_covered_display": "100"}, "missing_lines": [], "excluded_lines": [], "functions": {"diagnose": {"executed_lines": [93, 95, 96, 98, 99, 102, 103, 104, 106, 113, 115, 116, 117, 120, 126, 127, 128, 129, 130, 132, 133, 135, 138], "summary": {"covered_lines": 23, "num_statements": 23, "percent_covered": 100.0, "percent_covered_display": "100", "missing_lines": 0, "excluded_lines": 0, "percent_statements_covered": 100.0, "percent_statements_covered_display": "100"}, "missing_lines": [], "excluded_lines": [], "start_line": 67}, "summarise_diagnoses": {"executed_lines": [158, 159, 161, 162, 163, 164, 165, 166, 168, 169], "summary": {"covered_lines": 10, "num_statements": 10, "percent_covered": 100.0, "percent_covered_display": "100", "missing_lines": 0, "excluded_lines": 0, "percent_statements_covered": 100.0, "percent_statements_covered_display": "100"}, "missing_lines": [], "excluded_lines": [], "start_line": 141}, "_result": {"executed_lines": [178], "summary": {"covered_lines": 1, "num_statements": 1, "percent_covered": 100.0, "percent_covered_display": "100", "missing_lines": 0, "excluded_lines": 0, "percent_statements_covered": 100.0, "percent_statements_covered_display": "100"}, "missing_lines": [], "excluded_lines": [], "start_line": 177}, "": {"executed_lines": [33, 36, 39, 40, 41, 42, 43, 44, 47, 57, 67, 141, 177], "summary": {"covered_lines": 13, "num_statements": 13, "percent_covered": 100.0, "percent_covered_display": "100", "missing_lines": 0, "excluded_lines": 0, "percent_statements_covered": 100.0, "percent_statements_covered_display": "100"}, "missing_lines": [], "excluded_lines": [], "start_line": 1}}, "classes": {"": {"executed_lines": [33, 36, 39, 40, 41, 42, 43, 44, 47, 57, 67, 93, 95, 96, 98, 99, 102, 103, 104, 106, 113, 115, 116, 117, 120, 126, 127, 128, 129, 130, 132, 133, 135, 138, 141, 158, 159, 161, 162, 163, 164, 165, 166, 168, 169, 177, 178], "summary": {"covered_lines": 47, "num_statements": 47, "percent_covered": 100.0, "percent_covered_display": "100", "missing_lines": 0, "excluded_lines": 0, "percent_statements_covered": 100.0, "percent_statements_covered_display": "100"}, "missing_lines": [], "excluded_lines": [], "start_line": 1}}}, "doc_benchmarks/eval/judge.py": {"executed_lines": [3, 4, 5, 6, 7, 8, 9, 10, 12, 14, 15, 18, 59, 114, 126, 138, 139, 144, 145, 146, 148, 149, 150, 151, 153, 155, 157, 176, 177, 178, 179, 181, 182, 183, 184, 185, 186, 187, 188, 189, 190, 191, 192, 193, 196, 197, 198, 199, 200, 211, 212, 213, 217, 219, 220, 221, 222, 224, 225, 226, 227, 228, 229, 230, 231, 232, 233, 234, 236, 242, 243, 246, 247, 248, 249, 258, 259, 260, 269, 270, 271, 273, 285, 286, 289, 291, 293, 302, 303, 305, 307, 317, 325, 326, 328, 331, 332, 333, 334, 338, 349, 351, 352, 354, 355, 357, 358, 359, 360, 362, 364, 366, 374, 382, 388, 389, 390, 391, 393, 394, 396, 397, 399, 400, 401, 402], "summary": {"covered_lines": 126, "num_statements": 144, "percent_covered": 87.5, "percent_covered_display": "88", "missing_lines": 18, "excluded_lines": 0, "percent_statements_covered": 87.5, "percent_statements_covered_display": "88"}, "missing_lines": [194, 195, 214, 215, 308, 339, 340, 341, 342, 343, 344, 346, 347, 376, 377, 378, 379, 380], "excluded_lines": [], "functions": {"Judge.__init__": {"executed_lines": [138, 139, 144, 145, 146, 148, 149, 150, 151, 153, 155], "summary": {"covered_lines": 11, "num_statements": 11, "percent_covered": 100.0, "percent_covered_display": "100", "missing_lines": 0, "excluded_lines": 0, "percent_statements_covered": 100.0, "percent_statements_covered_display": "100"}, "missing_lines": [], "excluded_lines": [], "start_line": 126}, "Judge.evaluate_answers": {"executed_lines": [176, 177, 178, 179, 181, 217, 219, 220, 221, 222, 224, 225, 226, 227, 228, 229, 230, 231, 232, 233, 234], "summary": {"covered_lines": 21, "num_statements": 21, "percent_covered": 100.0, "percent_covered_display": "100", "missing_lines": 0, "excluded_lines": 0, "percent_statements_covered": 100.0, "percent_statements_covered_display": "100"}, "missing_lines": [], "excluded_lines": [], "start_line": 157}, "Judge.evaluate_answers._process": {"executed_lines": [182, 183, 184, 185, 186, 187, 188, 189, 190, 191, 192, 193, 196, 197, 198, 199, 200, 211, 212, 213], "summary": {"covered_lines": 20, "num_statements": 24, "percent_covered": 83.33333333333333, "percent_covered_display": "83", "missing_lines": 4, "excluded_lines": 0, "percent_statements_covered": 83.33333333333333, "percent_statements_covered_display": "83"}, "missing_lines": [194, 195, 214, 215], "excluded_lines": [], "start_line": 181}, "Judge._evaluate_answer_pair": {"executed_lines": [242, 243, 246, 247, 248, 249, 258, 259, 260, 269, 270, 271, 273, 285, 286], "summary": {"covered_lines": 15, "num_statements": 15, "percent_covered": 100.0, "percent_covered_display": "100", "missing_lines": 0, "excluded_lines": 0, "percent_statements_covered": 100.0, "percent_statements_covered_display": "100"}, "missing_lines": [], "excluded_lines": [], "start_line": 236}, "Judge._judge_answer": {"executed_lines": [302, 303, 305, 307, 317, 325, 326, 328, 331, 332, 333, 334, 338, 349], "summary": {"covered_lines": 14, "num_statements": 23, "percent_covered": 60.869565217391305, "percent_covered_display": "61", "missing_lines": 9, "excluded_lines": 0, "percent_statements_covered": 60.869565217391305, "percent_statements_covered_display": "61"}, "missing_lines": [308, 339, 340, 341, 342, 343, 344, 346, 347], "excluded_lines": [], "start_line": 293}, "Judge._format_context": {"executed_lines": [354, 355, 357, 358, 359, 360, 362], "summary": {"covered_lines": 7, "num_statements": 7, "percent_covered": 100.0, "percent_covered_display": "100", "missing_lines": 0, "excluded_lines": 0, "percent_statements_covered": 100.0, "percent_statements_covered_display": "100"}, "missing_lines": [], "excluded_lines": [], "start_line": 352}, "Judge._build_evaluation_output": {"executed_lines": [366], "summary": {"covered_lines": 1, "num_statements": 1, "percent_covered": 100.0, "percent_covered_display": "100", "missing_lines": 0, "excluded_lines": 0, "percent_statements_covered": 100.0, "percent_statements_covered_display": "100"}, "missing_lines": [], "excluded_lines": [], "start_line": 364}, "Judge._save_incremental": {"executed_lines": [], "summary": {"covered_lines": 0, "num_statements": 5, "percent_covered": 0.0, "percent_covered_display": "0", "missing_lines": 5, "excluded_lines": 0, "percent_statements_covered": 0.0, "percent_statements_covered_display": "0"}, "missing_lines": [376, 377, 378, 379, 380], "excluded_lines": [], "start_line": 374}, "Judge.save_evaluations": {"executed_lines": [388, 389, 390, 391], "summary": {"covered_lines": 4, "num_statements": 4, "percent_covered": 100.0, "percent_covered_display": "100", "missing_lines": 0, "excluded_lines": 0, "percent_statements_covered": 100.0, "percent_statements_covered_display": "100"}, "missing_lines": [], "excluded_lines": [], "start_line": 382}, "Judge.load_evaluations": {"executed_lines": [396, 397], "summary": {"covered_lines": 2, "num_statements": 2, "percent_covered": 100.0, "percent_covered_display": "100", "missing_lines": 0, "excluded_lines": 0, "percent_statements_covered": 100.0, "percent_statements_covered_display": "100"}, "missing_lines": [], "excluded_lines": [], "start_line": 394}, "Judge._get_timestamp": {"executed_lines": [401, 402], "summary": {"covered_lines": 2, "num_statements": 2, "percent_covered": 100.0, "percent_covered_display": "100", "missing_lines": 0, "excluded_lines": 0, "percent_statements_covered": 100.0, "percent_statements_covered_display": "100"}, "missing_lines": [], "excluded_lines": [], "start_line": 400}, "": {"executed_lines": [3, 4, 5, 6, 7, 8, 9, 10, 12, 14, 15, 18, 59, 114, 126, 157, 236, 289, 291, 293, 351, 352, 364, 374, 382, 393, 394, 399, 400], "summary": {"covered_lines": 29, "num_statements": 29, "percent_covered": 100.0, "percent_covered_display": "100", "missing_lines": 0, "excluded_lines": 0, "percent_statements_covered": 100.0, "percent_statements_covered_display": "100"}, "missing_lines": [], "excluded_lines": [], "start_line": 1}}, "classes": {"Judge": {"executed_lines": [138, 139, 144, 145, 146, 148, 149, 150, 151, 153, 155, 176, 177, 178, 179, 181, 182, 183, 184, 185, 186, 187, 188, 189, 190, 191, 192, 193, 196, 197, 198, 199, 200, 211, 212, 213, 217, 219, 220, 221, 222, 224, 225, 226, 227, 228, 229, 230, 231, 232, 233, 234, 242, 243, 246, 247, 248, 249, 258, 259, 260, 269, 270, 271, 273, 285, 286, 302, 303, 305, 307, 317, 325, 326, 328, 331, 332, 333, 334, 338, 349, 354, 355, 357, 358, 359, 360, 362, 366, 388, 389, 390, 391, 396, 397, 401, 402], "summary": {"covered_lines": 97, "num_statements": 115, "percent_covered": 84.34782608695652, "percent_covered_display": "84", "missing_lines": 18, "excluded_lines": 0, "percent_statements_covered": 84.34782608695652, "percent_statements_covered_display": "84"}, "missing_lines": [194, 195, 214, 215, 308, 339, 340, 341, 342, 343, 344, 346, 347, 376, 377, 378, 379, 380], "excluded_lines": [], "start_line": 114}, "": {"executed_lines": [3, 4, 5, 6, 7, 8, 9, 10, 12, 14, 15, 18, 59, 114, 126, 157, 236, 289, 291, 293, 351, 352, 364, 374, 382, 393, 394, 399, 400], "summary": {"covered_lines": 29, "num_statements": 29, "percent_covered": 100.0, "percent_covered_display": "100", "missing_lines": 0, "excluded_lines": 0, "percent_statements_covered": 100.0, "percent_statements_covered_display": "100"}, "missing_lines": [], "excluded_lines": [], "start_line": 1}}}, "doc_benchmarks/eval/panel.py": {"executed_lines": [12, 14, 15, 16, 17, 18, 19, 20, 21, 22, 23, 25, 27, 31, 34, 42, 59, 87, 111, 118, 122, 123, 124, 125, 126, 127, 128, 129, 130, 133, 134, 135, 136, 137, 138, 139, 141, 142, 143, 145, 146, 147, 150, 151, 152, 153, 154, 159, 162, 169, 173, 175, 177, 180, 188, 189, 191, 192, 193, 194, 196, 197, 198, 199, 201, 203, 204, 205, 206, 207, 208, 209, 210, 212, 213, 217, 218, 219, 224, 226, 227, 228, 232, 233, 234, 236, 237, 238, 239, 241, 242, 243, 244, 245, 246, 247, 248, 249, 250, 254, 256, 258, 259, 261, 264, 265, 266, 267, 268, 269, 270, 271, 272, 273, 274, 275, 277, 278, 286, 287, 288, 293, 294, 295, 296, 310, 312, 313, 314, 326, 327, 328, 331, 332, 333], "summary": {"covered_lines": 135, "num_statements": 136, "percent_covered": 99.26470588235294, "percent_covered_display": "99", "missing_lines": 1, "excluded_lines": 0, "percent_statements_covered": 99.26470588235294, "percent_statements_covered_display": "99"}, "missing_lines": [257], "excluded_lines": [], "functions": {"PanelVerdict.valid_votes": {"executed_lines": [143], "summary": {"covered_lines": 1, "num_statements": 1, "percent_covered": 100.0, "percent_covered_display": "100", "missing_lines": 0, "excluded_lines": 0, "percent_statements_covered": 100.0, "percent_statements_covered_display": "100"}, "missing_lines": [], "excluded_lines": [], "start_line": 142}, "PanelVerdict.disagreement_flag": {"executed_lines": [147], "summary": {"covered_lines": 1, "num_statements": 1, "percent_covered": 100.0, "percent_covered_display": "100", "missing_lines": 0, "excluded_lines": 0, "percent_statements_covered": 100.0, "percent_statements_covered_display": "100"}, "missing_lines": [], "excluded_lines": [], "start_line": 146}, "JudgePanel.__init__": {"executed_lines": [169, 173], "summary": {"covered_lines": 2, "num_statements": 2, "percent_covered": 100.0, "percent_covered_display": "100", "missing_lines": 0, "excluded_lines": 0, "percent_statements_covered": 100.0, "percent_statements_covered_display": "100"}, "missing_lines": [], "excluded_lines": [], "start_line": 162}, "JudgePanel._build_prompt": {"executed_lines": [177, 180], "summary": {"covered_lines": 2, "num_statements": 2, "percent_covered": 100.0, "percent_covered_display": "100", "missing_lines": 0, "excluded_lines": 0, "percent_statements_covered": 100.0, "percent_statements_covered_display": "100"}, "missing_lines": [], "excluded_lines": [], "start_line": 175}, "JudgePanel._compute_aggregate": {"executed_lines": [191, 192, 193, 194], "summary": {"covered_lines": 4, "num_statements": 4, "percent_covered": 100.0, "percent_covered_display": "100", "missing_lines": 0, "excluded_lines": 0, "percent_statements_covered": 100.0, "percent_statements_covered_display": "100"}, "missing_lines": [], "excluded_lines": [], "start_line": 189}, "JudgePanel._extract_json": {"executed_lines": [198, 199], "summary": {"covered_lines": 2, "num_statements": 2, "percent_covered": 100.0, "percent_covered_display": "100", "missing_lines": 0, "excluded_lines": 0, "percent_statements_covered": 100.0, "percent_statements_covered_display": "100"}, "missing_lines": [], "excluded_lines": [], "start_line": 197}, "JudgePanel._call_judge": {"executed_lines": [203, 204, 205, 206, 207, 208, 209, 210, 212, 213, 217, 218, 219], "summary": {"covered_lines": 13, "num_statements": 13, "percent_covered": 100.0, "percent_covered_display": "100", "missing_lines": 0, "excluded_lines": 0, "percent_statements_covered": 100.0, "percent_statements_covered_display": "100"}, "missing_lines": [], "excluded_lines": [], "start_line": 201}, "JudgePanel.evaluate": {"executed_lines": [226, 227, 228, 232, 233, 234], "summary": {"covered_lines": 6, "num_statements": 6, "percent_covered": 100.0, "percent_covered_display": "100", "missing_lines": 0, "excluded_lines": 0, "percent_statements_covered": 100.0, "percent_statements_covered_display": "100"}, "missing_lines": [], "excluded_lines": [], "start_line": 224}, "JudgePanel._aggregate": {"executed_lines": [237, 238, 239, 241, 242, 243, 244, 245, 246, 247, 248, 249, 250], "summary": {"covered_lines": 13, "num_statements": 13, "percent_covered": 100.0, "percent_covered_display": "100", "missing_lines": 0, "excluded_lines": 0, "percent_statements_covered": 100.0, "percent_statements_covered_display": "100"}, "missing_lines": [], "excluded_lines": [], "start_line": 236}, "JudgePanel._score_answer_entry": {"executed_lines": [256, 258, 259], "summary": {"covered_lines": 3, "num_statements": 4, "percent_covered": 75.0, "percent_covered_display": "75", "missing_lines": 1, "excluded_lines": 0, "percent_statements_covered": 75.0, "percent_statements_covered_display": "75"}, "missing_lines": [257], "excluded_lines": [], "start_line": 254}, "JudgePanel.evaluate_answers": {"executed_lines": [264, 265, 266, 267, 268, 269, 270, 271, 272, 273, 274, 275, 277, 278, 286, 287, 288], "summary": {"covered_lines": 17, "num_statements": 17, "percent_covered": 100.0, "percent_covered_display": "100", "missing_lines": 0, "excluded_lines": 0, "percent_statements_covered": 100.0, "percent_statements_covered_display": "100"}, "missing_lines": [], "excluded_lines": [], "start_line": 261}, "_verdict_to_dict": {"executed_lines": [294, 295, 296], "summary": {"covered_lines": 3, "num_statements": 3, "percent_covered": 100.0, "percent_covered_display": "100", "missing_lines": 0, "excluded_lines": 0, "percent_statements_covered": 100.0, "percent_statements_covered_display": "100"}, "missing_lines": [], "excluded_lines": [], "start_line": 293}, "_save_incremental": {"executed_lines": [312, 313, 314, 326, 327, 328], "summary": {"covered_lines": 6, "num_statements": 6, "percent_covered": 100.0, "percent_covered_display": "100", "missing_lines": 0, "excluded_lines": 0, "percent_statements_covered": 100.0, "percent_statements_covered_display": "100"}, "missing_lines": [], "excluded_lines": [], "start_line": 310}, "_timestamp": {"executed_lines": [332, 333], "summary": {"covered_lines": 2, "num_statements": 2, "percent_covered": 100.0, "percent_covered_display": "100", "missing_lines": 0, "excluded_lines": 0, "percent_statements_covered": 100.0, "percent_statements_covered_display": "100"}, "missing_lines": [], "excluded_lines": [], "start_line": 331}, "": {"executed_lines": [12, 14, 15, 16, 17, 18, 19, 20, 21, 22, 23, 25, 27, 31, 34, 42, 59, 87, 111, 118, 122, 123, 124, 125, 126, 127, 128, 129, 130, 133, 134, 135, 136, 137, 138, 139, 141, 142, 145, 146, 150, 151, 152, 153, 154, 159, 162, 175, 188, 189, 196, 197, 201, 224, 236, 254, 261, 293, 310, 331], "summary": {"covered_lines": 60, "num_statements": 60, "percent_covered": 100.0, "percent_covered_display": "100", "missing_lines": 0, "excluded_lines": 0, "percent_statements_covered": 100.0, "percent_statements_covered_display": "100"}, "missing_lines": [], "excluded_lines": [], "start_line": 1}}, "classes": {"JudgeVote": {"executed_lines": [], "summary": {"covered_lines": 0, "num_statements": 0, "percent_covered": 100.0, "percent_covered_display": "100", "missing_lines": 0, "excluded_lines": 0, "percent_statements_covered": 100.0, "percent_statements_covered_display": "100"}, "missing_lines": [], "excluded_lines": [], "start_line": 123}, "PanelVerdict": {"executed_lines": [143, 147], "summary": {"covered_lines": 2, "num_statements": 2, "percent_covered": 100.0, "percent_covered_display": "100", "missing_lines": 0, "excluded_lines": 0, "percent_statements_covered": 100.0, "percent_statements_covered_display": "100"}, "missing_lines": [], "excluded_lines": [], "start_line": 134}, "JudgeConfig": {"executed_lines": [], "summary": {"covered_lines": 0, "num_statements": 0, "percent_covered": 100.0, "percent_covered_display": "100", "missing_lines": 0, "excluded_lines": 0, "percent_statements_covered": 100.0, "percent_statements_covered_display": "100"}, "missing_lines": [], "excluded_lines": [], "start_line": 151}, "JudgePanel": {"executed_lines": [169, 173, 177, 180, 191, 192, 193, 194, 198, 199, 203, 204, 205, 206, 207, 208, 209, 210, 212, 213, 217, 218, 219, 226, 227, 228, 232, 233, 234, 237, 238, 239, 241, 242, 243, 244, 245, 246, 247, 248, 249, 250, 256, 258, 259, 264, 265, 266, 267, 268, 269, 270, 271, 272, 273, 274, 275, 277, 278, 286, 287, 288], "summary": {"covered_lines": 62, "num_statements": 63, "percent_covered": 98.41269841269842, "percent_covered_display": "98", "missing_lines": 1, "excluded_lines": 0, "percent_statements_covered": 98.41269841269842, "percent_statements_covered_display": "98"}, "missing_lines": [257], "excluded_lines": [], "start_line": 159}, "": {"executed_lines": [12, 14, 15, 16, 17, 18, 19, 20, 21, 22, 23, 25, 27, 31, 34, 42, 59, 87, 111, 118, 122, 123, 124, 125, 126, 127, 128, 129, 130, 133, 134, 135, 136, 137, 138, 139, 141, 142, 145, 146, 150, 151, 152, 153, 154, 159, 162, 175, 188, 189, 196, 197, 201, 224, 236, 254, 261, 293, 294, 295, 296, 310, 312, 313, 314, 326, 327, 328, 331, 332, 333], "summary": {"covered_lines": 71, "num_statements": 71, "percent_covered": 100.0, "percent_covered_display": "100", "missing_lines": 0, "excluded_lines": 0, "percent_statements_covered": 100.0, "percent_statements_covered_display": "100"}, "missing_lines": [], "excluded_lines": [], "start_line": 1}}}, "doc_benchmarks/eval/reranker.py": {"executed_lines": [3, 4, 5, 7, 10, 20, 25, 27, 38, 39, 41, 45, 48, 49, 50, 59, 60, 61, 62, 65, 67, 69, 85, 88, 89, 90, 91, 93, 94, 95, 96, 99, 101, 103, 108, 110, 111, 113], "summary": {"covered_lines": 38, "num_statements": 45, "percent_covered": 84.44444444444444, "percent_covered_display": "84", "missing_lines": 7, "excluded_lines": 0, "percent_statements_covered": 84.44444444444444, "percent_statements_covered_display": "84"}, "missing_lines": [42, 51, 52, 53, 54, 56, 86], "excluded_lines": [], "functions": {"SimpleReranker.__init__": {"executed_lines": [25], "summary": {"covered_lines": 1, "num_statements": 1, "percent_covered": 100.0, "percent_covered_display": "100", "missing_lines": 0, "excluded_lines": 0, "percent_statements_covered": 100.0, "percent_statements_covered_display": "100"}, "missing_lines": [], "excluded_lines": [], "start_line": 20}, "SimpleReranker.score_relevance": {"executed_lines": [38, 39, 41, 45, 48, 49, 50, 59, 60, 61, 62, 65, 67], "summary": {"covered_lines": 13, "num_statements": 19, "percent_covered": 68.42105263157895, "percent_covered_display": "68", "missing_lines": 6, "excluded_lines": 0, "percent_statements_covered": 68.42105263157895, "percent_statements_covered_display": "68"}, "missing_lines": [42, 51, 52, 53, 54, 56], "excluded_lines": [], "start_line": 27}, "SimpleReranker.rerank": {"executed_lines": [85, 88, 89, 90, 91, 93, 94, 95, 96, 99, 101, 103, 108], "summary": {"covered_lines": 13, "num_statements": 14, "percent_covered": 92.85714285714286, "percent_covered_display": "93", "missing_lines": 1, "excluded_lines": 0, "percent_statements_covered": 92.85714285714286, "percent_statements_covered_display": "93"}, "missing_lines": [86], "excluded_lines": [], "start_line": 69}, "SimpleReranker._tokenize": {"executed_lines": [113], "summary": {"covered_lines": 1, "num_statements": 1, "percent_covered": 100.0, "percent_covered_display": "100", "missing_lines": 0, "excluded_lines": 0, "percent_statements_covered": 100.0, "percent_statements_covered_display": "100"}, "missing_lines": [], "excluded_lines": [], "start_line": 111}, "": {"executed_lines": [3, 4, 5, 7, 10, 20, 27, 69, 110, 111], "summary": {"covered_lines": 10, "num_statements": 10, "percent_covered": 100.0, "percent_covered_display": "100", "missing_lines": 0, "excluded_lines": 0, "percent_statements_covered": 100.0, "percent_statements_covered_display": "100"}, "missing_lines": [], "excluded_lines": [], "start_line": 1}}, "classes": {"SimpleReranker": {"executed_lines": [25, 38, 39, 41, 45, 48, 49, 50, 59, 60, 61, 62, 65, 67, 85, 88, 89, 90, 91, 93, 94, 95, 96, 99, 101, 103, 108, 113], "summary": {"covered_lines": 28, "num_statements": 35, "percent_covered": 80.0, "percent_covered_display": "80", "missing_lines": 7, "excluded_lines": 0, "percent_statements_covered": 80.0, "percent_statements_covered_display": "80"}, "missing_lines": [42, 51, 52, 53, 54, 56, 86], "excluded_lines": [], "start_line": 10}, "": {"executed_lines": [3, 4, 5, 7, 10, 20, 27, 69, 110, 111], "summary": {"covered_lines": 10, "num_statements": 10, "percent_covered": 100.0, "percent_covered_display": "100", "missing_lines": 0, "excluded_lines": 0, "percent_statements_covered": 100.0, "percent_statements_covered_display": "100"}, "missing_lines": [], "excluded_lines": [], "start_line": 1}}}, "doc_benchmarks/gate/__init__.py": {"executed_lines": [], "summary": {"covered_lines": 0, "num_statements": 0, "percent_covered": 100.0, "percent_covered_display": "100", "missing_lines": 0, "excluded_lines": 0, "percent_statements_covered": 100.0, "percent_statements_covered_display": "100"}, "missing_lines": [], "excluded_lines": [], "functions": {"": {"executed_lines": [], "summary": {"covered_lines": 0, "num_statements": 0, "percent_covered": 100.0, "percent_covered_display": "100", "missing_lines": 0, "excluded_lines": 0, "percent_statements_covered": 100.0, "percent_statements_covered_display": "100"}, "missing_lines": [], "excluded_lines": [], "start_line": 1}}, "classes": {"": {"executed_lines": [], "summary": {"covered_lines": 0, "num_statements": 0, "percent_covered": 100.0, "percent_covered_display": "100", "missing_lines": 0, "excluded_lines": 0, "percent_statements_covered": 100.0, "percent_statements_covered_display": "100"}, "missing_lines": [], "excluded_lines": [], "start_line": 1}}}, "doc_benchmarks/gate/critical_bands.py": {"executed_lines": [3, 5, 8, 9, 12, 13, 14, 15, 18, 19, 22, 23, 25, 26, 28, 30, 31, 33, 36, 42, 43, 44, 46, 47, 49, 50, 51, 53, 54, 55, 56, 57, 59, 61, 62, 63, 64, 65, 66, 67, 68, 69, 70, 71, 72, 73, 74, 75, 76, 78], "summary": {"covered_lines": 50, "num_statements": 50, "percent_covered": 100.0, "percent_covered_display": "100", "missing_lines": 0, "excluded_lines": 0, "percent_statements_covered": 100.0, "percent_statements_covered_display": "100"}, "missing_lines": [], "excluded_lines": [], "functions": {"CriticalBandsResult.passed": {"executed_lines": [28], "summary": {"covered_lines": 1, "num_statements": 1, "percent_covered": 100.0, "percent_covered_display": "100", "missing_lines": 0, "excluded_lines": 0, "percent_statements_covered": 100.0, "percent_statements_covered_display": "100"}, "missing_lines": [], "excluded_lines": [], "start_line": 26}, "CriticalBandsResult.has_violations": {"executed_lines": [33], "summary": {"covered_lines": 1, "num_statements": 1, "percent_covered": 100.0, "percent_covered_display": "100", "missing_lines": 0, "excluded_lines": 0, "percent_statements_covered": 100.0, "percent_statements_covered_display": "100"}, "missing_lines": [], "excluded_lines": [], "start_line": 31}, "check_critical_bands": {"executed_lines": [42, 43, 44, 46, 47, 49, 50, 51, 53, 54, 55, 56, 57, 59, 61, 62, 63, 64, 65, 66, 67, 68, 69, 70, 71, 72, 73, 74, 75, 76, 78], "summary": {"covered_lines": 31, "num_statements": 31, "percent_covered": 100.0, "percent_covered_display": "100", "missing_lines": 0, "excluded_lines": 0, "percent_statements_covered": 100.0, "percent_statements_covered_display": "100"}, "missing_lines": [], "excluded_lines": [], "start_line": 36}, "": {"executed_lines": [3, 5, 8, 9, 12, 13, 14, 15, 18, 19, 22, 23, 25, 26, 30, 31, 36], "summary": {"covered_lines": 17, "num_statements": 17, "percent_covered": 100.0, "percent_covered_display": "100", "missing_lines": 0, "excluded_lines": 0, "percent_statements_covered": 100.0, "percent_statements_covered_display": "100"}, "missing_lines": [], "excluded_lines": [], "start_line": 1}}, "classes": {"BandViolation": {"executed_lines": [], "summary": {"covered_lines": 0, "num_statements": 0, "percent_covered": 100.0, "percent_covered_display": "100", "missing_lines": 0, "excluded_lines": 0, "percent_statements_covered": 100.0, "percent_statements_covered_display": "100"}, "missing_lines": [], "excluded_lines": [], "start_line": 9}, "CriticalBandsResult": {"executed_lines": [28, 33], "summary": {"covered_lines": 2, "num_statements": 2, "percent_covered": 100.0, "percent_covered_display": "100", "missing_lines": 0, "excluded_lines": 0, "percent_statements_covered": 100.0, "percent_statements_covered_display": "100"}, "missing_lines": [], "excluded_lines": [], "start_line": 19}, "": {"executed_lines": [3, 5, 8, 9, 12, 13, 14, 15, 18, 19, 22, 23, 25, 26, 30, 31, 36, 42, 43, 44, 46, 47, 49, 50, 51, 53, 54, 55, 56, 57, 59, 61, 62, 63, 64, 65, 66, 67, 68, 69, 70, 71, 72, 73, 74, 75, 76, 78], "summary": {"covered_lines": 48, "num_statements": 48, "percent_covered": 100.0, "percent_covered_display": "100", "missing_lines": 0, "excluded_lines": 0, "percent_statements_covered": 100.0, "percent_statements_covered_display": "100"}, "missing_lines": [], "excluded_lines": [], "start_line": 1}}}, "doc_benchmarks/gate/hard_gate.py": {"executed_lines": [3, 5, 8, 9, 12, 13, 14, 15, 17, 18, 20, 22, 25, 30, 31, 32, 33, 35, 37], "summary": {"covered_lines": 19, "num_statements": 20, "percent_covered": 95.0, "percent_covered_display": "95", "missing_lines": 1, "excluded_lines": 0, "percent_statements_covered": 95.0, "percent_statements_covered_display": "95"}, "missing_lines": [21], "excluded_lines": [], "functions": {"HardGateResult.status": {"executed_lines": [20, 22], "summary": {"covered_lines": 2, "num_statements": 3, "percent_covered": 66.66666666666667, "percent_covered_display": "67", "missing_lines": 1, "excluded_lines": 0, "percent_statements_covered": 66.66666666666667, "percent_statements_covered_display": "67"}, "missing_lines": [21], "excluded_lines": [], "start_line": 18}, "check_hard_gate": {"executed_lines": [30, 31, 32, 33, 35, 37], "summary": {"covered_lines": 6, "num_statements": 6, "percent_covered": 100.0, "percent_covered_display": "100", "missing_lines": 0, "excluded_lines": 0, "percent_statements_covered": 100.0, "percent_statements_covered_display": "100"}, "missing_lines": [], "excluded_lines": [], "start_line": 25}, "": {"executed_lines": [3, 5, 8, 9, 12, 13, 14, 15, 17, 18, 25], "summary": {"covered_lines": 11, "num_statements": 11, "percent_covered": 100.0, "percent_covered_display": "100", "missing_lines": 0, "excluded_lines": 0, "percent_statements_covered": 100.0, "percent_statements_covered_display": "100"}, "missing_lines": [], "excluded_lines": [], "start_line": 1}}, "classes": {"HardGateResult": {"executed_lines": [20, 22], "summary": {"covered_lines": 2, "num_statements": 3, "percent_covered": 66.66666666666667, "percent_covered_display": "67", "missing_lines": 1, "excluded_lines": 0, "percent_statements_covered": 66.66666666666667, "percent_statements_covered_display": "67"}, "missing_lines": [21], "excluded_lines": [], "start_line": 9}, "": {"executed_lines": [3, 5, 8, 9, 12, 13, 14, 15, 17, 18, 25, 30, 31, 32, 33, 35, 37], "summary": {"covered_lines": 17, "num_statements": 17, "percent_covered": 100.0, "percent_covered_display": "100", "missing_lines": 0, "excluded_lines": 0, "percent_statements_covered": 100.0, "percent_statements_covered_display": "100"}, "missing_lines": [], "excluded_lines": [], "start_line": 1}}}, "doc_benchmarks/gate/regression.py": {"executed_lines": [3, 5, 6, 9, 12, 13, 16, 17, 18, 19, 20, 23, 24, 27, 28, 30, 31, 33, 38, 39, 41, 47, 55, 56, 57, 58, 59, 60, 61, 62, 65, 70, 71, 72, 73, 74, 76, 77, 85, 86, 87, 88, 89, 90, 100], "summary": {"covered_lines": 45, "num_statements": 45, "percent_covered": 100.0, "percent_covered_display": "100", "missing_lines": 0, "excluded_lines": 0, "percent_statements_covered": 100.0, "percent_statements_covered_display": "100"}, "missing_lines": [], "excluded_lines": [], "functions": {"RegressionSummary.has_warnings": {"executed_lines": [33], "summary": {"covered_lines": 1, "num_statements": 1, "percent_covered": 100.0, "percent_covered_display": "100", "missing_lines": 0, "excluded_lines": 0, "percent_statements_covered": 100.0, "percent_statements_covered_display": "100"}, "missing_lines": [], "excluded_lines": [], "start_line": 31}, "RegressionSummary.has_critical": {"executed_lines": [41], "summary": {"covered_lines": 1, "num_statements": 1, "percent_covered": 100.0, "percent_covered_display": "100", "missing_lines": 0, "excluded_lines": 0, "percent_statements_covered": 100.0, "percent_statements_covered_display": "100"}, "missing_lines": [], "excluded_lines": [], "start_line": 39}, "_classify_regression": {"executed_lines": [55, 56, 57, 58, 59, 60, 61, 62], "summary": {"covered_lines": 8, "num_statements": 8, "percent_covered": 100.0, "percent_covered_display": "100", "missing_lines": 0, "excluded_lines": 0, "percent_statements_covered": 100.0, "percent_statements_covered_display": "100"}, "missing_lines": [], "excluded_lines": [], "start_line": 47}, "detect_regressions": {"executed_lines": [70, 71, 72, 73, 74, 76, 77, 85, 86, 87, 88, 89, 90, 100], "summary": {"covered_lines": 14, "num_statements": 14, "percent_covered": 100.0, "percent_covered_display": "100", "missing_lines": 0, "excluded_lines": 0, "percent_statements_covered": 100.0, "percent_statements_covered_display": "100"}, "missing_lines": [], "excluded_lines": [], "start_line": 65}, "": {"executed_lines": [3, 5, 6, 9, 12, 13, 16, 17, 18, 19, 20, 23, 24, 27, 28, 30, 31, 38, 39, 47, 65], "summary": {"covered_lines": 21, "num_statements": 21, "percent_covered": 100.0, "percent_covered_display": "100", "missing_lines": 0, "excluded_lines": 0, "percent_statements_covered": 100.0, "percent_statements_covered_display": "100"}, "missing_lines": [], "excluded_lines": [], "start_line": 1}}, "classes": {"RegressionResult": {"executed_lines": [], "summary": {"covered_lines": 0, "num_statements": 0, "percent_covered": 100.0, "percent_covered_display": "100", "missing_lines": 0, "excluded_lines": 0, "percent_statements_covered": 100.0, "percent_statements_covered_display": "100"}, "missing_lines": [], "excluded_lines": [], "start_line": 13}, "RegressionSummary": {"executed_lines": [33, 41], "summary": {"covered_lines": 2, "num_statements": 2, "percent_covered": 100.0, "percent_covered_display": "100", "missing_lines": 0, "excluded_lines": 0, "percent_statements_covered": 100.0, "percent_statements_covered_display": "100"}, "missing_lines": [], "excluded_lines": [], "start_line": 24}, "": {"executed_lines": [3, 5, 6, 9, 12, 13, 16, 17, 18, 19, 20, 23, 24, 27, 28, 30, 31, 38, 39, 47, 55, 56, 57, 58, 59, 60, 61, 62, 65, 70, 71, 72, 73, 74, 76, 77, 85, 86, 87, 88, 89, 90, 100], "summary": {"covered_lines": 43, "num_statements": 43, "percent_covered": 100.0, "percent_covered_display": "100", "missing_lines": 0, "excluded_lines": 0, "percent_statements_covered": 100.0, "percent_statements_covered_display": "100"}, "missing_lines": [], "excluded_lines": [], "start_line": 1}}}, "doc_benchmarks/gate/soft_gate.py": {"executed_lines": [3, 5, 8, 9, 12, 13, 14, 15, 17, 18, 20, 21, 22, 25, 30, 31, 32, 33, 35, 37], "summary": {"covered_lines": 20, "num_statements": 20, "percent_covered": 100.0, "percent_covered_display": "100", "missing_lines": 0, "excluded_lines": 0, "percent_statements_covered": 100.0, "percent_statements_covered_display": "100"}, "missing_lines": [], "excluded_lines": [], "functions": {"GateResult.status": {"executed_lines": [20, 21, 22], "summary": {"covered_lines": 3, "num_statements": 3, "percent_covered": 100.0, "percent_covered_display": "100", "missing_lines": 0, "excluded_lines": 0, "percent_statements_covered": 100.0, "percent_statements_covered_display": "100"}, "missing_lines": [], "excluded_lines": [], "start_line": 18}, "check_soft_gate": {"executed_lines": [30, 31, 32, 33, 35, 37], "summary": {"covered_lines": 6, "num_statements": 6, "percent_covered": 100.0, "percent_covered_display": "100", "missing_lines": 0, "excluded_lines": 0, "percent_statements_covered": 100.0, "percent_statements_covered_display": "100"}, "missing_lines": [], "excluded_lines": [], "start_line": 25}, "": {"executed_lines": [3, 5, 8, 9, 12, 13, 14, 15, 17, 18, 25], "summary": {"covered_lines": 11, "num_statements": 11, "percent_covered": 100.0, "percent_covered_display": "100", "missing_lines": 0, "excluded_lines": 0, "percent_statements_covered": 100.0, "percent_statements_covered_display": "100"}, "missing_lines": [], "excluded_lines": [], "start_line": 1}}, "classes": {"GateResult": {"executed_lines": [20, 21, 22], "summary": {"covered_lines": 3, "num_statements": 3, "percent_covered": 100.0, "percent_covered_display": "100", "missing_lines": 0, "excluded_lines": 0, "percent_statements_covered": 100.0, "percent_statements_covered_display": "100"}, "missing_lines": [], "excluded_lines": [], "start_line": 9}, "": {"executed_lines": [3, 5, 8, 9, 12, 13, 14, 15, 17, 18, 25, 30, 31, 32, 33, 35, 37], "summary": {"covered_lines": 17, "num_statements": 17, "percent_covered": 100.0, "percent_covered_display": "100", "missing_lines": 0, "excluded_lines": 0, "percent_statements_covered": 100.0, "percent_statements_covered_display": "100"}, "missing_lines": [], "excluded_lines": [], "start_line": 1}}}, "doc_benchmarks/ingest/__init__.py": {"executed_lines": [], "summary": {"covered_lines": 0, "num_statements": 0, "percent_covered": 100.0, "percent_covered_display": "100", "missing_lines": 0, "excluded_lines": 0, "percent_statements_covered": 100.0, "percent_statements_covered_display": "100"}, "missing_lines": [], "excluded_lines": [], "functions": {"": {"executed_lines": [], "summary": {"covered_lines": 0, "num_statements": 0, "percent_covered": 100.0, "percent_covered_display": "100", "missing_lines": 0, "excluded_lines": 0, "percent_statements_covered": 100.0, "percent_statements_covered_display": "100"}, "missing_lines": [], "excluded_lines": [], "start_line": 1}}, "classes": {"": {"executed_lines": [], "summary": {"covered_lines": 0, "num_statements": 0, "percent_covered": 100.0, "percent_covered_display": "100", "missing_lines": 0, "excluded_lines": 0, "percent_statements_covered": 100.0, "percent_statements_covered_display": "100"}, "missing_lines": [], "excluded_lines": [], "start_line": 1}}}, "doc_benchmarks/ingest/chunker.py": {"executed_lines": [], "summary": {"covered_lines": 0, "num_statements": 16, "percent_covered": 0.0, "percent_covered_display": "0", "missing_lines": 16, "excluded_lines": 0, "percent_statements_covered": 0.0, "percent_statements_covered_display": "0"}, "missing_lines": [3, 6, 8, 9, 10, 11, 13, 14, 15, 17, 18, 19, 20, 21, 22, 23], "excluded_lines": [], "functions": {"chunk_text": {"executed_lines": [], "summary": {"covered_lines": 0, "num_statements": 14, "percent_covered": 0.0, "percent_covered_display": "0", "missing_lines": 14, "excluded_lines": 0, "percent_statements_covered": 0.0, "percent_statements_covered_display": "0"}, "missing_lines": [8, 9, 10, 11, 13, 14, 15, 17, 18, 19, 20, 21, 22, 23], "excluded_lines": [], "start_line": 6}, "": {"executed_lines": [], "summary": {"covered_lines": 0, "num_statements": 2, "percent_covered": 0.0, "percent_covered_display": "0", "missing_lines": 2, "excluded_lines": 0, "percent_statements_covered": 0.0, "percent_statements_covered_display": "0"}, "missing_lines": [3, 6], "excluded_lines": [], "start_line": 1}}, "classes": {"": {"executed_lines": [], "summary": {"covered_lines": 0, "num_statements": 16, "percent_covered": 0.0, "percent_covered_display": "0", "missing_lines": 16, "excluded_lines": 0, "percent_statements_covered": 0.0, "percent_statements_covered_display": "0"}, "missing_lines": [3, 6, 8, 9, 10, 11, 13, 14, 15, 17, 18, 19, 20, 21, 22, 23], "excluded_lines": [], "start_line": 1}}}, "doc_benchmarks/ingest/loader.py": {"executed_lines": [], "summary": {"covered_lines": 0, "num_statements": 8, "percent_covered": 0.0, "percent_covered_display": "0", "missing_lines": 8, "excluded_lines": 0, "percent_statements_covered": 0.0, "percent_statements_covered_display": "0"}, "missing_lines": [3, 4, 7, 9, 12, 14, 17, 19], "excluded_lines": [], "functions": {"discover_markdown": {"executed_lines": [], "summary": {"covered_lines": 0, "num_statements": 1, "percent_covered": 0.0, "percent_covered_display": "0", "missing_lines": 1, "excluded_lines": 0, "percent_statements_covered": 0.0, "percent_statements_covered_display": "0"}, "missing_lines": [9], "excluded_lines": [], "start_line": 7}, "load_text": {"executed_lines": [], "summary": {"covered_lines": 0, "num_statements": 1, "percent_covered": 0.0, "percent_covered_display": "0", "missing_lines": 1, "excluded_lines": 0, "percent_statements_covered": 0.0, "percent_statements_covered_display": "0"}, "missing_lines": [14], "excluded_lines": [], "start_line": 12}, "load_docs": {"executed_lines": [], "summary": {"covered_lines": 0, "num_statements": 1, "percent_covered": 0.0, "percent_covered_display": "0", "missing_lines": 1, "excluded_lines": 0, "percent_statements_covered": 0.0, "percent_statements_covered_display": "0"}, "missing_lines": [19], "excluded_lines": [], "start_line": 17}, "": {"executed_lines": [], "summary": {"covered_lines": 0, "num_statements": 5, "percent_covered": 0.0, "percent_covered_display": "0", "missing_lines": 5, "excluded_lines": 0, "percent_statements_covered": 0.0, "percent_statements_covered_display": "0"}, "missing_lines": [3, 4, 7, 12, 17], "excluded_lines": [], "start_line": 1}}, "classes": {"": {"executed_lines": [], "summary": {"covered_lines": 0, "num_statements": 8, "percent_covered": 0.0, "percent_covered_display": "0", "missing_lines": 8, "excluded_lines": 0, "percent_statements_covered": 0.0, "percent_statements_covered_display": "0"}, "missing_lines": [3, 4, 7, 9, 12, 14, 17, 19], "excluded_lines": [], "start_line": 1}}}, "doc_benchmarks/llm.py": {"executed_lines": [7, 8, 9, 10, 12, 15, 18, 26, 27, 31, 34, 35, 36, 38, 43, 46, 50, 55, 61, 135, 137, 139, 140, 143, 144, 145, 146, 148, 149, 150, 151, 155, 156, 157, 158, 161, 163, 164, 167, 168, 169, 170, 171, 172, 174, 175, 183, 184, 188], "summary": {"covered_lines": 49, "num_statements": 94, "percent_covered": 52.12765957446808, "percent_covered_display": "52", "missing_lines": 45, "excluded_lines": 0, "percent_statements_covered": 52.12765957446808, "percent_statements_covered_display": "52"}, "missing_lines": [28, 40, 47, 48, 52, 57, 58, 82, 85, 86, 94, 97, 98, 99, 100, 101, 102, 104, 106, 107, 109, 110, 111, 116, 118, 119, 120, 121, 125, 126, 128, 130, 141, 152, 153, 165, 176, 177, 178, 179, 180, 181, 185, 186, 187], "excluded_lines": [], "functions": {"_Resp.__init__": {"executed_lines": [], "summary": {"covered_lines": 0, "num_statements": 1, "percent_covered": 0.0, "percent_covered_display": "0", "missing_lines": 1, "excluded_lines": 0, "percent_statements_covered": 0.0, "percent_statements_covered_display": "0"}, "missing_lines": [28], "excluded_lines": [], "start_line": 27}, "ChatOpenAI.__init__": {"executed_lines": [35, 36], "summary": {"covered_lines": 2, "num_statements": 2, "percent_covered": 100.0, "percent_covered_display": "100", "missing_lines": 0, "excluded_lines": 0, "percent_statements_covered": 100.0, "percent_statements_covered_display": "100"}, "missing_lines": [], "excluded_lines": [], "start_line": 34}, "ChatOpenAI.invoke": {"executed_lines": [], "summary": {"covered_lines": 0, "num_statements": 1, "percent_covered": 0.0, "percent_covered_display": "0", "missing_lines": 1, "excluded_lines": 0, "percent_statements_covered": 0.0, "percent_statements_covered_display": "0"}, "missing_lines": [40], "excluded_lines": [], "start_line": 38}, "ChatAnthropic.__init__": {"executed_lines": [], "summary": {"covered_lines": 0, "num_statements": 2, "percent_covered": 0.0, "percent_covered_display": "0", "missing_lines": 2, "excluded_lines": 0, "percent_statements_covered": 0.0, "percent_statements_covered_display": "0"}, "missing_lines": [47, 48], "excluded_lines": [], "start_line": 46}, "ChatAnthropic.invoke": {"executed_lines": [], "summary": {"covered_lines": 0, "num_statements": 1, "percent_covered": 0.0, "percent_covered_display": "0", "missing_lines": 1, "excluded_lines": 0, "percent_statements_covered": 0.0, "percent_statements_covered_display": "0"}, "missing_lines": [52], "excluded_lines": [], "start_line": 50}, "_is_retryable": {"executed_lines": [], "summary": {"covered_lines": 0, "num_statements": 2, "percent_covered": 0.0, "percent_covered_display": "0", "missing_lines": 2, "excluded_lines": 0, "percent_statements_covered": 0.0, "percent_statements_covered_display": "0"}, "missing_lines": [57, 58], "excluded_lines": [], "start_line": 55}, "llm_call": {"executed_lines": [], "summary": {"covered_lines": 0, "num_statements": 25, "percent_covered": 0.0, "percent_covered_display": "0", "missing_lines": 25, "excluded_lines": 0, "percent_statements_covered": 0.0, "percent_statements_covered_display": "0"}, "missing_lines": [82, 85, 86, 94, 97, 98, 99, 100, 101, 102, 104, 106, 107, 109, 110, 111, 116, 118, 119, 120, 121, 125, 126, 128, 130], "excluded_lines": [], "start_line": 61}, "extract_json_object": {"executed_lines": [139, 140, 143, 144, 145, 146, 148, 149, 150, 151, 155, 156, 157, 158], "summary": {"covered_lines": 14, "num_statements": 17, "percent_covered": 82.3529411764706, "percent_covered_display": "82", "missing_lines": 3, "excluded_lines": 0, "percent_statements_covered": 82.3529411764706, "percent_statements_covered_display": "82"}, "missing_lines": [141, 152, 153], "excluded_lines": [], "start_line": 137}, "extract_json_array": {"executed_lines": [163, 164, 167, 168, 169, 170, 171, 172, 174, 175, 183, 184, 188], "summary": {"covered_lines": 13, "num_statements": 23, "percent_covered": 56.52173913043478, "percent_covered_display": "57", "missing_lines": 10, "excluded_lines": 0, "percent_statements_covered": 56.52173913043478, "percent_statements_covered_display": "57"}, "missing_lines": [165, 176, 177, 178, 179, 180, 181, 185, 186, 187], "excluded_lines": [], "start_line": 161}, "": {"executed_lines": [7, 8, 9, 10, 12, 15, 18, 26, 27, 31, 34, 38, 43, 46, 50, 55, 61, 135, 137, 161], "summary": {"covered_lines": 20, "num_statements": 20, "percent_covered": 100.0, "percent_covered_display": "100", "missing_lines": 0, "excluded_lines": 0, "percent_statements_covered": 100.0, "percent_statements_covered_display": "100"}, "missing_lines": [], "excluded_lines": [], "start_line": 1}}, "classes": {"_Resp": {"executed_lines": [], "summary": {"covered_lines": 0, "num_statements": 1, "percent_covered": 0.0, "percent_covered_display": "0", "missing_lines": 1, "excluded_lines": 0, "percent_statements_covered": 0.0, "percent_statements_covered_display": "0"}, "missing_lines": [28], "excluded_lines": [], "start_line": 26}, "ChatOpenAI": {"executed_lines": [35, 36], "summary": {"covered_lines": 2, "num_statements": 3, "percent_covered": 66.66666666666667, "percent_covered_display": "67", "missing_lines": 1, "excluded_lines": 0, "percent_statements_covered": 66.66666666666667, "percent_statements_covered_display": "67"}, "missing_lines": [40], "excluded_lines": [], "start_line": 31}, "ChatAnthropic": {"executed_lines": [], "summary": {"covered_lines": 0, "num_statements": 3, "percent_covered": 0.0, "percent_covered_display": "0", "missing_lines": 3, "excluded_lines": 0, "percent_statements_covered": 0.0, "percent_statements_covered_display": "0"}, "missing_lines": [47, 48, 52], "excluded_lines": [], "start_line": 43}, "": {"executed_lines": [7, 8, 9, 10, 12, 15, 18, 26, 27, 31, 34, 38, 43, 46, 50, 55, 61, 135, 137, 139, 140, 143, 144, 145, 146, 148, 149, 150, 151, 155, 156, 157, 158, 161, 163, 164, 167, 168, 169, 170, 171, 172, 174, 175, 183, 184, 188], "summary": {"covered_lines": 47, "num_statements": 87, "percent_covered": 54.02298850574713, "percent_covered_display": "54", "missing_lines": 40, "excluded_lines": 0, "percent_statements_covered": 54.02298850574713, "percent_statements_covered_display": "54"}, "missing_lines": [57, 58, 82, 85, 86, 94, 97, 98, 99, 100, 101, 102, 104, 106, 107, 109, 110, 111, 116, 118, 119, 120, 121, 125, 126, 128, 130, 141, 152, 153, 165, 176, 177, 178, 179, 180, 181, 185, 186, 187], "excluded_lines": [], "start_line": 1}}}, "doc_benchmarks/mcp/__init__.py": {"executed_lines": [3, 4, 6, 14, 17, 18, 30, 31, 58, 59, 69, 71, 74, 76, 79, 81], "summary": {"covered_lines": 16, "num_statements": 19, "percent_covered": 84.21052631578948, "percent_covered_display": "84", "missing_lines": 3, "excluded_lines": 0, "percent_statements_covered": 84.21052631578948, "percent_statements_covered_display": "84"}, "missing_lines": [28, 56, 66], "excluded_lines": [], "functions": {"MCPClient.resolve_library_id": {"executed_lines": [], "summary": {"covered_lines": 0, "num_statements": 1, "percent_covered": 0.0, "percent_covered_display": "0", "missing_lines": 1, "excluded_lines": 0, "percent_statements_covered": 0.0, "percent_statements_covered_display": "0"}, "missing_lines": [28], "excluded_lines": [], "start_line": 18}, "MCPClient.get_library_docs": {"executed_lines": [], "summary": {"covered_lines": 0, "num_statements": 1, "percent_covered": 0.0, "percent_covered_display": "0", "missing_lines": 1, "excluded_lines": 0, "percent_statements_covered": 0.0, "percent_statements_covered_display": "0"}, "missing_lines": [56], "excluded_lines": [], "start_line": 31}, "MCPClient.check_connection": {"executed_lines": [], "summary": {"covered_lines": 0, "num_statements": 1, "percent_covered": 0.0, "percent_covered_display": "0", "missing_lines": 1, "excluded_lines": 0, "percent_statements_covered": 0.0, "percent_statements_covered_display": "0"}, "missing_lines": [66], "excluded_lines": [], "start_line": 59}, "": {"executed_lines": [3, 4, 6, 14, 17, 18, 30, 31, 58, 59, 69, 71, 74, 76, 79, 81], "summary": {"covered_lines": 16, "num_statements": 16, "percent_covered": 100.0, "percent_covered_display": "100", "missing_lines": 0, "excluded_lines": 0, "percent_statements_covered": 100.0, "percent_statements_covered_display": "100"}, "missing_lines": [], "excluded_lines": [], "start_line": 1}}, "classes": {"MCPClient": {"executed_lines": [], "summary": {"covered_lines": 0, "num_statements": 3, "percent_covered": 0.0, "percent_covered_display": "0", "missing_lines": 3, "excluded_lines": 0, "percent_statements_covered": 0.0, "percent_statements_covered_display": "0"}, "missing_lines": [28, 56, 66], "excluded_lines": [], "start_line": 14}, "MCPError": {"executed_lines": [], "summary": {"covered_lines": 0, "num_statements": 0, "percent_covered": 100.0, "percent_covered_display": "100", "missing_lines": 0, "excluded_lines": 0, "percent_statements_covered": 100.0, "percent_statements_covered_display": "100"}, "missing_lines": [], "excluded_lines": [], "start_line": 69}, "MCPConnectionError": {"executed_lines": [], "summary": {"covered_lines": 0, "num_statements": 0, "percent_covered": 100.0, "percent_covered_display": "100", "missing_lines": 0, "excluded_lines": 0, "percent_statements_covered": 100.0, "percent_statements_covered_display": "100"}, "missing_lines": [], "excluded_lines": [], "start_line": 74}, "MCPLibraryNotFoundError": {"executed_lines": [], "summary": {"covered_lines": 0, "num_statements": 0, "percent_covered": 100.0, "percent_covered_display": "100", "missing_lines": 0, "excluded_lines": 0, "percent_statements_covered": 100.0, "percent_statements_covered_display": "100"}, "missing_lines": [], "excluded_lines": [], "start_line": 79}, "": {"executed_lines": [3, 4, 6, 14, 17, 18, 30, 31, 58, 59, 69, 71, 74, 76, 79, 81], "summary": {"covered_lines": 16, "num_statements": 16, "percent_covered": 100.0, "percent_covered_display": "100", "missing_lines": 0, "excluded_lines": 0, "percent_statements_covered": 100.0, "percent_statements_covered_display": "100"}, "missing_lines": [], "excluded_lines": [], "start_line": 1}}}, "doc_benchmarks/mcp/context7.py": {"executed_lines": [3, 4, 5, 6, 7, 8, 10, 12, 15, 23, 39, 40, 41, 42, 44, 45, 47, 64, 72, 74, 75, 78, 79, 82, 84, 105, 106, 109, 111, 112, 113, 114, 123, 129, 131, 132, 133, 134, 138, 139, 143, 144, 147, 148, 149, 151, 160, 161, 163, 164, 165, 170, 171, 176, 185, 187, 192, 193, 194, 195, 198, 208, 209, 211], "summary": {"covered_lines": 64, "num_statements": 67, "percent_covered": 95.5223880597015, "percent_covered_display": "96", "missing_lines": 3, "excluded_lines": 0, "percent_statements_covered": 95.5223880597015, "percent_statements_covered_display": "96"}, "missing_lines": [168, 173, 174], "excluded_lines": [], "functions": {"Context7Client.__init__": {"executed_lines": [39, 40, 41, 42, 44, 45], "summary": {"covered_lines": 6, "num_statements": 6, "percent_covered": 100.0, "percent_covered_display": "100", "missing_lines": 0, "excluded_lines": 0, "percent_statements_covered": 100.0, "percent_statements_covered_display": "100"}, "missing_lines": [], "excluded_lines": [], "start_line": 23}, "Context7Client.resolve_library_id": {"executed_lines": [64, 72, 74, 75, 78, 79, 82], "summary": {"covered_lines": 7, "num_statements": 7, "percent_covered": 100.0, "percent_covered_display": "100", "missing_lines": 0, "excluded_lines": 0, "percent_statements_covered": 100.0, "percent_statements_covered_display": "100"}, "missing_lines": [], "excluded_lines": [], "start_line": 47}, "Context7Client.get_library_docs": {"executed_lines": [105, 106, 109, 111, 112, 113, 114, 123, 129, 131, 132, 133, 134, 138, 139, 143, 144, 147, 148, 149, 151, 160, 161, 163, 164, 165, 170, 171], "summary": {"covered_lines": 28, "num_statements": 31, "percent_covered": 90.3225806451613, "percent_covered_display": "90", "missing_lines": 3, "excluded_lines": 0, "percent_statements_covered": 90.3225806451613, "percent_statements_covered_display": "90"}, "missing_lines": [168, 173, 174], "excluded_lines": [], "start_line": 84}, "Context7Client.check_connection": {"executed_lines": [185, 187, 192, 193, 194, 195], "summary": {"covered_lines": 6, "num_statements": 6, "percent_covered": 100.0, "percent_covered_display": "100", "missing_lines": 0, "excluded_lines": 0, "percent_statements_covered": 100.0, "percent_statements_covered_display": "100"}, "missing_lines": [], "excluded_lines": [], "start_line": 176}, "create_context7_client": {"executed_lines": [208, 209, 211], "summary": {"covered_lines": 3, "num_statements": 3, "percent_covered": 100.0, "percent_covered_display": "100", "missing_lines": 0, "excluded_lines": 0, "percent_statements_covered": 100.0, "percent_statements_covered_display": "100"}, "missing_lines": [], "excluded_lines": [], "start_line": 198}, "": {"executed_lines": [3, 4, 5, 6, 7, 8, 10, 12, 15, 23, 47, 84, 176, 198], "summary": {"covered_lines": 14, "num_statements": 14, "percent_covered": 100.0, "percent_covered_display": "100", "missing_lines": 0, "excluded_lines": 0, "percent_statements_covered": 100.0, "percent_statements_covered_display": "100"}, "missing_lines": [], "excluded_lines": [], "start_line": 1}}, "classes": {"Context7Client": {"executed_lines": [39, 40, 41, 42, 44, 45, 64, 72, 74, 75, 78, 79, 82, 105, 106, 109, 111, 112, 113, 114, 123, 129, 131, 132, 133, 134, 138, 139, 143, 144, 147, 148, 149, 151, 160, 161, 163, 164, 165, 170, 171, 185, 187, 192, 193, 194, 195], "summary": {"covered_lines": 47, "num_statements": 50, "percent_covered": 94.0, "percent_covered_display": "94", "missing_lines": 3, "excluded_lines": 0, "percent_statements_covered": 94.0, "percent_statements_covered_display": "94"}, "missing_lines": [168, 173, 174], "excluded_lines": [], "start_line": 15}, "": {"executed_lines": [3, 4, 5, 6, 7, 8, 10, 12, 15, 23, 47, 84, 176, 198, 208, 209, 211], "summary": {"covered_lines": 17, "num_statements": 17, "percent_covered": 100.0, "percent_covered_display": "100", "missing_lines": 0, "excluded_lines": 0, "percent_statements_covered": 100.0, "percent_statements_covered_display": "100"}, "missing_lines": [], "excluded_lines": [], "start_line": 1}}}, "doc_benchmarks/mcp/factory.py": {"executed_lines": [3, 4, 6, 9, 54, 55, 56, 57, 59, 60, 61, 62, 63, 64, 66, 67, 68, 69, 70, 71, 72, 74], "summary": {"covered_lines": 22, "num_statements": 22, "percent_covered": 100.0, "percent_covered_display": "100", "missing_lines": 0, "excluded_lines": 0, "percent_statements_covered": 100.0, "percent_statements_covered_display": "100"}, "missing_lines": [], "excluded_lines": [], "functions": {"create_doc_source_client": {"executed_lines": [54, 55, 56, 57, 59, 60, 61, 62, 63, 64, 66, 67, 68, 69, 70, 71, 72, 74], "summary": {"covered_lines": 18, "num_statements": 18, "percent_covered": 100.0, "percent_covered_display": "100", "missing_lines": 0, "excluded_lines": 0, "percent_statements_covered": 100.0, "percent_statements_covered_display": "100"}, "missing_lines": [], "excluded_lines": [], "start_line": 9}, "": {"executed_lines": [3, 4, 6, 9], "summary": {"covered_lines": 4, "num_statements": 4, "percent_covered": 100.0, "percent_covered_display": "100", "missing_lines": 0, "excluded_lines": 0, "percent_statements_covered": 100.0, "percent_statements_covered_display": "100"}, "missing_lines": [], "excluded_lines": [], "start_line": 1}}, "classes": {"": {"executed_lines": [3, 4, 6, 9, 54, 55, 56, 57, 59, 60, 61, 62, 63, 64, 66, 67, 68, 69, 70, 71, 72, 74], "summary": {"covered_lines": 22, "num_statements": 22, "percent_covered": 100.0, "percent_covered_display": "100", "missing_lines": 0, "excluded_lines": 0, "percent_statements_covered": 100.0, "percent_statements_covered_display": "100"}, "missing_lines": [], "excluded_lines": [], "start_line": 1}}}, "doc_benchmarks/mcp/local_markdown.py": {"executed_lines": [3, 4, 5, 7, 8, 10, 13, 16, 29, 41, 42, 43, 47, 49, 51, 74, 75, 77, 78, 82, 84, 85, 86, 87, 92, 95, 96, 99, 101, 102, 103, 112, 116, 118, 120, 121, 122, 126, 128, 129, 131, 132, 133, 134, 135, 136, 138, 140, 141, 142, 143], "summary": {"covered_lines": 51, "num_statements": 57, "percent_covered": 89.47368421052632, "percent_covered_display": "89", "missing_lines": 6, "excluded_lines": 0, "percent_statements_covered": 89.47368421052632, "percent_statements_covered_display": "89"}, "missing_lines": [79, 80, 88, 89, 90, 93], "excluded_lines": [], "functions": {"LocalMarkdownClient.__init__": {"executed_lines": [41, 42, 43], "summary": {"covered_lines": 3, "num_statements": 3, "percent_covered": 100.0, "percent_covered_display": "100", "missing_lines": 0, "excluded_lines": 0, "percent_statements_covered": 100.0, "percent_statements_covered_display": "100"}, "missing_lines": [], "excluded_lines": [], "start_line": 29}, "LocalMarkdownClient.resolve_library_id": {"executed_lines": [49], "summary": {"covered_lines": 1, "num_statements": 1, "percent_covered": 100.0, "percent_covered_display": "100", "missing_lines": 0, "excluded_lines": 0, "percent_statements_covered": 100.0, "percent_statements_covered_display": "100"}, "missing_lines": [], "excluded_lines": [], "start_line": 47}, "LocalMarkdownClient.get_library_docs": {"executed_lines": [74, 75, 77, 78, 82, 84, 85, 86, 87, 92, 95, 96, 99, 101, 102, 103, 112, 116], "summary": {"covered_lines": 18, "num_statements": 24, "percent_covered": 75.0, "percent_covered_display": "75", "missing_lines": 6, "excluded_lines": 0, "percent_statements_covered": 75.0, "percent_statements_covered_display": "75"}, "missing_lines": [79, 80, 88, 89, 90, 93], "excluded_lines": [], "start_line": 51}, "LocalMarkdownClient.check_connection": {"executed_lines": [120, 121, 122], "summary": {"covered_lines": 3, "num_statements": 3, "percent_covered": 100.0, "percent_covered_display": "100", "missing_lines": 0, "excluded_lines": 0, "percent_statements_covered": 100.0, "percent_statements_covered_display": "100"}, "missing_lines": [], "excluded_lines": [], "start_line": 118}, "LocalMarkdownClient._collect_files": {"executed_lines": [128, 129, 131, 132, 133, 134, 135, 
[...]
ed_lines": [88], "summary": {"covered_lines": 1, "num_statements": 1, "percent_covered": 100.0, "percent_covered_display": "100", "missing_lines": 0, "excluded_lines": 0, "percent_statements_covered": 100.0, "percent_statements_covered_display": "100"}, "missing_lines": [], "excluded_lines": [], "start_line": 87}, "LibraryRegistry.__contains__": {"executed_lines": [91], "summary": {"covered_lines": 1, "num_statements": 1, "percent_covered": 100.0, "percent_covered_display": "100", "missing_lines": 0, "excluded_lines": 0, "percent_statements_covered": 100.0, "percent_statements_covered_display": "100"}, "missing_lines": [], "excluded_lines": [], "start_line": 90}, "": {"executed_lines": [3, 5, 6, 7, 8, 10, 12, 15, 18, 19, 20, 21, 22, 23, 24, 25, 28, 31, 36, 76, 84, 87, 90], "summary": {"covered_lines": 23, "num_statements": 23, "percent_covered": 100.0, "percent_covered_display": "100", "missing_lines": 0, "excluded_lines": 0, "percent_statements_covered": 100.0, "percent_statements_covered_display": "100"}, "missing_lines": [], "excluded_lines": [], "start_line": 1}}, "classes": {"LibraryEntry": {"executed_lines": [], "summary": {"covered_lines": 0, "num_statements": 0, "percent_covered": 100.0, "percent_covered_display": "100", "missing_lines": 0, "excluded_lines": 0, "percent_statements_covered": 100.0, "percent_statements_covered_display": "100"}, "missing_lines": [], "excluded_lines": [], "start_line": 19}, "LibraryRegistry": {"executed_lines": [32, 33, 34, 37, 38, 39, 40, 41, 42, 43, 44, 45, 48, 49, 52, 53, 59, 62, 63, 66, 74, 78, 79, 80, 81, 82, 85, 88, 91], "summary": {"covered_lines": 29, "num_statements": 39, "percent_covered": 74.35897435897436, "percent_covered_display": "74", "missing_lines": 10, "excluded_lines": 0, "percent_statements_covered": 74.35897435897436, "percent_statements_covered_display": "74"}, "missing_lines": [46, 47, 50, 51, 54, 58, 60, 61, 64, 65], "excluded_lines": [], "start_line": 28}, "": {"executed_lines": [3, 5, 6, 7, 8, 10, 12, 15, 18, 19, 20, 21, 22, 23, 24, 25, 28, 31, 36, 76, 84, 87, 90], "summary": {"covered_lines": 23, "num_statements": 23, "percent_covered": 100.0, "percent_covered_display": "100", "missing_lines": 0, "excluded_lines": 0, "percent_statements_covered": 100.0, "percent_statements_covered_display": "100"}, "missing_lines": [], "excluded_lines": [], "start_line": 1}}}, "doc_benchmarks/report/__init__.py": {"executed_lines": [], "summary": {"covered_lines": 0, "num_statements": 2, "percent_covered": 0.0, "percent_covered_display": "0", "missing_lines": 2, "excluded_lines": 0, "percent_statements_covered": 0.0, "percent_statements_covered_display": "0"}, "missing_lines": [3, 5], "excluded_lines": [], "functions": {"": {"executed_lines": [], "summary": {"covered_lines": 0, "num_statements": 2, "percent_covered": 0.0, "percent_covered_display": "0", "missing_lines": 2, "excluded_lines": 0, "percent_statements_covered": 0.0, "percent_statements_covered_display": "0"}, "missing_lines": [3, 5], "excluded_lines": [], "start_line": 1}}, "classes": {"": {"executed_lines": [], "summary": {"covered_lines": 0, "num_statements": 2, "percent_covered": 0.0, "percent_covered_display": "0", "missing_lines": 2, "excluded_lines": 0, "percent_statements_covered": 0.0, "percent_statements_covered_display": "0"}, "missing_lines": [3, 5], "excluded_lines": [], "start_line": 1}}}, "doc_benchmarks/report/generator.py": {"executed_lines": [], "summary": {"covered_lines": 0, "num_statements": 117, "percent_covered": 0.0, "percent_covered_display": "0", "missing_lines": 117, "excluded_lines": 0, "percent_statements_covered": 0.0, "percent_statements_covered_display": "0"}, "missing_lines": [3, 4, 5, 6, 7, 8, 10, 16, 19, 30, 31, 33, 50, 51, 54, 57, 60, 61, 64, 65, 68, 71, 73, 74, 84, 89, 91, 92, 93, 95, 116, 118, 119, 120, 129, 131, 132, 133, 142, 144, 148, 149, 160, 162, 166, 167, 178, 189, 191, 192, 193, 196, 197, 200, 201, 202, 203, 204, 206, 215, 217, 219, 230, 254, 255, 257, 267, 268, 270, 280, 281, 287, 297, 298, 304, 314, 315, 322, 323, 334, 335, 336, 337, 338, 339, 340, 343, 344, 345, 352, 353, 354, 355, 356, 357, 361, 366, 375, 376, 377, 378, 379, 380, 381, 382, 383, 385, 386, 387, 389, 392, 393, 394, 395, 396, 397, 399], "excluded_lines": [], "functions": {"ReportGenerator.__init__": {"executed_lines": [], "summary": {"covered_lines": 0, "num_statements": 1, "percent_covered": 0.0, "percent_covered_display": "0", "missing_lines": 1, "excluded_lines": 0, "percent_statements_covered": 0.0, "percent_statements_covered_display": "0"}, "missing_lines": [31], "excluded_lines": [], "start_line": 30}, "ReportGenerator.generate_report": {"executed_lines": [], "summary": {"covered_lines": 0, "num_statements": 13, "percent_covered": 0.0, "percent_covered_display": "0", "missing_lines": 13, "excluded_lines": 0, "percent_statements_covered": 0.0, "percent_statements_covered_display": "0"}, "missing_lines": [50, 51, 54, 57, 60, 61, 64, 65, 68, 71, 73, 74, 84], "excluded_lines": [], "start_line": 33}, "ReportGenerator._compute_stats": {"executed_lines": [], "summary": {"covered_lines": 0, "num_statements": 4, "percent_covered": 0.0, "percent_covered_display": "0", "missing_lines": 4, "excluded_lines": 0, "percent_statements_covered": 0.0, "percent_statements_covered_display": "0"}, "missing_lines": [91, 92, 93, 95], "excluded_lines": [], "start_line": 89}, "ReportGenerator._top_performers": {"executed_lines": [], "summary": {"covered_lines": 0, "num_statements": 3, "percent_covered": 0.0, "percent_covered_display": "0", "missing_lines": 3, "excluded_lines": 0, "percent_statements_covered": 0.0, "percent_statements_covered_display": "0"}, "missing_lines": [118, 119, 120], "excluded_lines": [], "start_line": 116}, "ReportGenerator._bottom_performers": {"executed_lines": [], "summary": {"covered_lines": 0, "num_statements": 3, "percent_covered": 0.0, "percent_covered_display": "0", "missing_lines": 3, "excluded_lines": 0, "percent_statements_covered": 0.0, "percent_statements_covered_display": "0"}, "missing_lines": [131, 132, 133], "excluded_lines": [], "start_line": 129}, "ReportGenerator._top_deltas": {"executed_lines": [], "summary": {"covered_lines": 0, "num_statements": 3, "percent_covered": 0.0, "percent_covered_display": "0", "missing_lines": 3, "excluded_lines": 0, "percent_statements_covered": 0.0, "percent_statements_covered_display": "0"}, "missing_lines": [144, 148, 149], "excluded_lines": [], "start_line": 142}, "ReportGenerator._bottom_deltas": {"executed_lines": [], "summary": {"covered_lines": 0, "num_statements": 3, "percent_covered": 0.0, "percent_covered_display": "0", "missing_lines": 3, "excluded_lines": 0, "percent_statements_covered": 0.0, "percent_statements_covered_display": "0"}, "missing_lines": [162, 166, 167], "excluded_lines": [], "start_line": 160}, "ReportGenerator._cluster_by_topic": {"executed_lines": [], "summary": {"covered_lines": 0, "num_statements": 14, "percent_covered": 0.0, "percent_covered_display": "0", "missing_lines": 14, "excluded_lines": 0, "percent_statements_covered": 0.0, "percent_statements_covered_display": "0"}, "missing_lines": [189, 191, 192, 193, 196, 197, 200, 201, 202, 203, 204, 206, 215, 217], "excluded_lines": [], "start_line": 178}, "ReportGenerator._format_markdown": {"executed_lines": [], "summary": {"covered_lines": 0, "num_statements": 55, "percent_covered": 0.0, "percent_covered_display": "0", "missing_lines": 55, "excluded_lines": 0, "percent_statements_covered": 0.0, "percent_statements_covered_display": "0"}, "missing_lines": [230, 254, 255, 257, 267, 268, 270, 280, 281, 287, 297, 298, 304, 314, 315, 322, 323, 334, 335, 336, 337, 338, 339, 340, 343, 344, 345, 352, 353, 354, 355, 356, 357, 361, 366, 375, 376, 377, 378, 379, 380, 381, 382, 383, 385, 386, 387, 389, 392, 393, 394, 395, 396, 397, 399], "excluded_lines": [], "start_line": 219}, "": {"executed_lines": [], "summary": {"covered_lines": 0, "num_statements": 18, "percent_covered": 0.0, "percent_covered_display": "0", "missing_lines": 18, "excluded_lines": 0, "percent_statements_covered": 0.0, "percent_statements_covered_display": "0"}, "missing_lines": [3, 4, 5, 6, 7, 8, 10, 16, 19, 30, 33, 89, 116, 129, 142, 160, 178, 219], "excluded_lines": [], "start_line": 1}}, "classes": {"ReportGenerator": {"executed_lines": [], "summary": {"covered_lines": 0, "num_statements": 99, "percent_covered": 0.0, "percent_covered_display": "0", "missing_lines": 99, "excluded_lines": 0, "percent_statements_covered": 0.0, "percent_statements_covered_display": "0"}, "missing_lines": [31, 50, 51, 54, 57, 60, 61, 64, 65, 68, 71, 73, 74, 84, 91, 92, 93, 95, 118, 119, 120, 131, 132, 133, 144, 148, 149, 162, 166, 167, 189, 191, 192, 193, 196, 197, 200, 201, 202, 203, 204, 206, 215, 217, 230, 254, 255, 257, 267, 268, 270, 280, 281, 287, 297, 298, 304, 314, 315, 322, 323, 334, 335, 336, 337, 338, 339, 340, 343, 344, 345, 352, 353, 354, 355, 356, 357, 361, 366, 375, 376, 377, 378, 379, 380, 381, 382, 383, 385, 386, 387, 389, 392, 393, 394, 395, 396, 397, 399], "excluded_lines": [], "start_line": 19}, "": {"executed_lines": [], "summary": {"covered_lines": 0, "num_statements": 18, "percent_covered": 0.0, "percent_covered_display": "0", "missing_lines": 18, "excluded_lines": 0, "percent_statements_covered": 0.0, "percent_statements_covered_display": "0"}, "missing_lines": [3, 4, 5, 6, 7, 8, 10, 16, 19, 30, 33, 89, 116, 129, 142, 160, 178, 219], "excluded_lines": [], "start_line": 1}}}, "doc_benchmarks/report/json_report.py": {"executed_lines": [], "summary": {"covered_lines": 0, "num_statements": 6, "percent_covered": 0.0, "percent_covered_display": "0", "missing_lines": 6, "excluded_lines": 0, "percent_statements_covered": 0.0, "percent_statements_covered_display": "0"}, "missing_lines": [3, 5, 6, 9, 11, 12], "excluded_lines": [], "functions": {"write_json": {"executed_lines": [], "summary": {"covered_lines": 0, "num_statements": 2, "percent_covered": 0.0, "percent_covered_display": "0", "missing_lines": 2, "excluded_lines": 0, "percent_statements_covered": 0.0, "percent_statements_covered_display": "0"}, "missing_lines": [11, 12], "excluded_lines": [], "start_line": 9}, "": {"executed_lines": [], "summary": {"covered_lines": 0, "num_statements": 4, "percent_covered": 0.0, "percent_covered_display": "0", "missing_lines": 4, "excluded_lines": 0, "percent_statements_covered": 0.0, "percent_statements_covered_display": "0"}, "missing_lines": [3, 5, 6, 9], "excluded_lines": [], "start_line": 1}}, "classes": {"": {"executed_lines": [], "summary": {"covered_lines": 0, "num_statements": 6, "percent_covered": 0.0, "percent_covered_display": "0", "missing_lines": 6, "excluded_lines": 0, "percent_statements_covered": 0.0, "percent_statements_covered_display": "0"}, "missing_lines": [3, 5, 6, 9, 11, 12], "excluded_lines": [], "start_line": 1}}}, "doc_benchmarks/report/markdown_report.py": {"executed_lines": [], "summary": {"covered_lines": 0, "num_statements": 34, "percent_covered": 0.0, "percent_covered_display": "0", "missing_lines": 34, "excluded_lines": 0, "percent_statements_covered": 0.0, "percent_statements_covered_display": "0"}, "missing_lines": [3, 5, 8, 10, 19, 21, 22, 25, 26, 27, 28, 36, 37, 38, 42, 45, 47, 48, 49, 61, 62, 63, 66, 67, 68, 69, 71, 73, 76, 77, 78, 81, 82, 84], "excluded_lines": [], "functions": {"_summary_lines": {"executed_lines": [], "summary": {"covered_lines": 0, "num_statements": 1, "percent_covered": 0.0, "percent_covered_display": "0", "missing_lines": 1, "excluded_lines": 0, "percent_statements_covered": 0.0, "percent_statements_covered_display": "0"}, "missing_lines": [10], "excluded_lines": [], "start_line": 8}, "write_run_report": {"executed_lines": [], "summary": {"covered_lines": 0, "num_statements": 10, "percent_covered": 0.0, "percent_covered_display": "0", "missing_lines": 10, "excluded_lines": 0, "percent_statements_covered": 0.0, "percent_statements_covered_display": "0"}, "missing_lines": [21, 22, 25, 26, 27, 28, 36, 37, 38, 42], "excluded_lines": [], "start_line": 19}, "write_compare_report": {"executed_lines": [], "summary": {"covered_lines": 0, "num_statements": 18, "percent_covered": 0.0, "percent_covered_display": "0", "missing_lines": 18, "excluded_lines": 0, "percent_statements_covered": 0.0, "percent_statements_covered_display": "0"}, "missing_lines": [47, 48, 49, 61, 62, 63, 66, 67, 68, 69, 71, 73, 76, 77, 78, 81, 82, 84], "excluded_lines": [], "start_line": 45}, "": {"executed_lines": [], "summary": {"covered_lines": 0, "num_statements": 5, "percent_covered": 0.0, "percent_covered_display": "0", "missing_lines": 5, "excluded_lines": 0, "percent_statements_covered": 0.0, "percent_statements_covered_display": "0"}, "missing_lines": [3, 5, 8, 19, 45], "excluded_lines": [], "start_line": 1}}, "classes": {"": {"executed_lines": [], "summary": {"covered_lines": 0, "num_statements": 34, "percent_covered": 0.0, "percent_covered_display": "0", "missing_lines": 34, "excluded_lines": 0, "percent_statements_covered": 0.0, "percent_statements_covered_display": "0"}, "missing_lines": [3, 5, 8, 10, 19, 21, 22, 25, 26, 27, 28, 36, 37, 38, 42, 45, 47, 48, 49, 61, 62, 63, 66, 67, 68, 69, 71, 73, 76, 77, 78, 81, 82, 84], "excluded_lines": [], "start_line": 1}}}, "doc_benchmarks/runner/__init__.py": {"executed_lines": [], "summary": {"covered_lines": 0, "num_statements": 0, "percent_covered": 100.0, "percent_covered_display": "100", "missing_lines": 0, "excluded_lines": 0, "percent_statements_covered": 100.0, "percent_statements_covered_display": "100"}, "missing_lines": [], "excluded_lines": [], "functions": {"": {"executed_lines": [], "summary": {"covered_lines": 0, "num_statements": 0, "percent_covered": 100.0, "percent_covered_display": "100", "missing_lines": 0, "excluded_lines": 0, "percent_statements_covered": 100.0, "percent_statements_covered_display": "100"}, "missing_lines": [], "excluded_lines": [], "start_line": 1}}, "classes": {"": {"executed_lines": [], "summary": {"covered_lines": 0, "num_statements": 0, "percent_covered": 100.0, "percent_covered_display": "100", "missing_lines": 0, "excluded_lines": 0, "percent_statements_covered": 100.0, "percent_statements_covered_display": "100"}, "missing_lines": [], "excluded_lines": [], "start_line": 1}}}, "doc_benchmarks/runner/compare.py": {"executed_lines": [], "summary": {"covered_lines": 0, "num_statements": 31, "percent_covered": 0.0, "percent_covered_display": "0", "missing_lines": 31, "excluded_lines": 0, "percent_statements_covered": 0.0, "percent_statements_covered_display": "0"}, "missing_lines": [3, 5, 6, 8, 11, 13, 14, 15, 16, 18, 19, 20, 21, 23, 24, 25, 26, 27, 28, 30, 31, 33, 42, 43, 47, 50, 51, 52, 53, 54, 67], "excluded_lines": [], "functions": {"compare_snapshots": {"executed_lines": [], "summary": {"covered_lines": 0, "num_statements": 26, "percent_covered": 0.0, "percent_covered_display": "0", "missing_lines": 26, "excluded_lines": 0, "percent_statements_covered": 0.0, "percent_statements_covered_display": "0"}, "missing_lines": [13, 14, 15, 16, 18, 19, 20, 21, 23, 24, 25, 26, 27, 28, 30, 31, 33, 42, 43, 47, 50, 51, 52, 53, 54, 67], "excluded_lines": [], "start_line": 11}, "": {"executed_lines": [], "summary": {"covered_lines": 0, "num_statements": 5, "percent_covered": 0.0, "percent_covered_display": "0", "missing_lines": 5, "excluded_lines": 0, "percent_statements_covered": 0.0, "percent_statements_covered_display": "0"}, "missing_lines": [3, 5, 6, 8, 11], "excluded_lines": [], "start_line": 1}}, "classes": {"": {"executed_lines": [], "summary": {"covered_lines": 0, "num_statements": 31, "percent_covered": 0.0, "percent_covered_display": "0", "missing_lines": 31, "excluded_lines": 0, "percent_statements_covered": 0.0, "percent_statements_covered_display": "0"}, "missing_lines": [3, 5, 6, 8, 11, 13, 14, 15, 16, 18, 19, 20, 21, 23, 24, 25, 26, 27, 28, 30, 31, 33, 42, 43, 47, 50, 51, 52, 53, 54, 67], "excluded_lines": [], "start_line": 1}}}, "doc_benchmarks/runner/run.py": {"executed_lines": [], "summary": {"covered_lines": 0, "num_statements": 89, "percent_covered": 0.0, "percent_covered_display": "0", "missing_lines": 89, "excluded_lines": 0, "percent_statements_covered": 0.0, "percent_statements_covered_display": "0"}, "missing_lines": [3, 5, 6, 7, 9, 11, 12, 13, 14, 15, 18, 19, 22, 23, 24, 25, 26, 27, 28, 31, 33, 34, 35, 36, 37, 40, 42, 43, 44, 45, 47, 48, 49, 50, 52, 53, 55, 56, 57, 58, 59, 61, 62, 63, 64, 65, 67, 68, 70, 73, 75, 76, 77, 78, 79, 81, 82, 83, 85, 86, 89, 90, 92, 93, 94, 102, 103, 104, 105, 107, 108, 110, 111, 113, 114, 115, 117, 121, 123, 124, 125, 134, 135, 139, 141, 143, 156, 158, 159], "excluded_lines": [], "functions": {"_weighted_score": {"executed_lines": [], "summary": {"covered_lines": 0, "num_statements": 5, "percent_covered": 0.0, "percent_covered_display": "0", "missing_lines": 5, "excluded_lines": 0, "percent_statements_covered": 0.0, "percent_statements_covered_display": "0"}, "missing_lines": [33, 34, 35, 36, 37], "excluded_lines": [], "start_line": 31}, "_load_spec": {"executed_lines": [], "summary": {"covered_lines": 0, "num_statements": 23, "percent_covered": 0.0, "percent_covered_display": "0", "missing_lines": 23, "excluded_lines": 0, "percent_statements_covered": 0.0, "percent_statements_covered_display": "0"}, "missing_lines": [42, 43, 44, 45, 47, 48, 49, 50, 52, 53, 55, 56, 57, 58, 59, 61, 62, 63, 64, 65, 67, 68, 70], "excluded_lines": [], "start_line": 40}, "run_benchmark": {"executed_lines": [], "summary": {"covered_lines": 0, "num_statements": 36, "percent_covered": 0.0, "percent_covered_display": "0", "missing_lines": 36, "excluded_lines": 0, "percent_statements_covered": 0.0, "percent_statements_covered_display": "0"}, "missing_lines": [75, 76, 77, 78, 79, 81, 82, 83, 85, 86, 89, 90, 92, 93, 94, 102, 103, 104, 105, 107, 108, 110, 111, 113, 114, 115, 117, 121, 123, 124, 125, 134, 135, 139, 141, 143], "excluded_lines": [], "start_line": 73}, "save_snapshot": {"executed_lines": [], "summary": {"covered_lines": 0, "num_statements": 2, "percent_covered": 0.0, "percent_covered_display": "0", "missing_lines": 2, "excluded_lines": 0, "percent_statements_covered": 0.0, "percent_statements_covered_display": "0"}, "missing_lines": [158, 159], "excluded_lines": [], "start_line": 156}, "": {"executed_lines": [], "summary": {"covered_lines": 0, "num_statements": 23, "percent_covered": 0.0, "percent_covered_display": "0", "missing_lines": 23, "excluded_lines": 0, "percent_statements_covered": 0.0, "percent_statements_covered_display": "0"}, "missing_lines": [3, 5, 6, 7, 9, 11, 12, 13, 14, 15, 18, 19, 22, 23, 24, 25, 26, 27, 28, 31, 40, 73, 156], "excluded_lines": [], "start_line": 1}}, "classes": {"DocMetrics": {"executed_lines": [], "summary": {"covered_lines": 0, "num_statements": 0, "percent_covered": 100.0, "percent_covered_display": "100", "missing_lines": 0, "excluded_lines": 0, "percent_statements_covered": 100.0, "percent_statements_covered_display": "100"}, "missing_lines": [], "excluded_lines": [], "start_line": 19}, "": {"executed_lines": [], "summary": {"covered_lines": 0, "num_statements": 89, "percent_covered": 0.0, "percent_covered_display": "0", "missing_lines": 89, "excluded_lines": 0, "percent_statements_covered": 0.0, "percent_statements_covered_display": "0"}, "missing_lines": [3, 5, 6, 7, 9, 11, 12, 13, 14, 15, 18, 19, 22, 23, 24, 25, 26, 27, 28, 31, 33, 34, 35, 36, 37, 40, 42, 43, 44, 45, 47, 48, 49, 50, 52, 53, 55, 56, 57, 58, 59, 61, 62, 63, 64, 65, 67, 68, 70, 73, 75, 76, 77, 78, 79, 81, 82, 83, 85, 86, 89, 90, 92, 93, 94, 102, 103, 104, 105, 107, 108, 110, 111, 113, 114, 115, 117, 121, 123, 124, 125, 134, 135, 139, 141, 143, 156, 158, 159], "excluded_lines": [], "start_line": 1}}}}, "totals": {"covered_lines": 2061, "num_statements": 2848, "percent_covered": 72.36657303370787, "percent_covered_display": "72", "missing_lines": 787, "excluded_lines": 0, "percent_statements_covered": 72.36657303370787, "percent_statements_covered_display": "72"}}